\BOOKMARK [0][-]{chapter.1}{\376\377\0001\000\040\000B\000u\000g\000\040\000L\000i\000s\000t}{}% 1
\BOOKMARK [0][-]{chapter.2}{\376\377\0002\000\040\000C\000l\000a\000s\000s\000\040\000I\000n\000d\000e\000x}{}% 2
\BOOKMARK [1][-]{section.2.1}{\376\377\0002\000.\0001\000\040\000C\000l\000a\000s\000s\000\040\000L\000i\000s\000t}{chapter.2}% 3
\BOOKMARK [0][-]{chapter.3}{\376\377\0003\000\040\000F\000i\000l\000e\000\040\000I\000n\000d\000e\000x}{}% 4
\BOOKMARK [1][-]{section.3.1}{\376\377\0003\000.\0001\000\040\000F\000i\000l\000e\000\040\000L\000i\000s\000t}{chapter.3}% 5
\BOOKMARK [0][-]{chapter.4}{\376\377\0004\000\040\000C\000l\000a\000s\000s\000\040\000D\000o\000c\000u\000m\000e\000n\000t\000a\000t\000i\000o\000n}{}% 6
\BOOKMARK [1][-]{section.4.1}{\376\377\0004\000.\0001\000\040\000M\000a\000t\000r\000i\000x\000\040\000C\000l\000a\000s\000s\000\040\000R\000e\000f\000e\000r\000e\000n\000c\000e}{chapter.4}% 7
\BOOKMARK [2][-]{subsection.4.1.1}{\376\377\0004\000.\0001\000.\0001\000\040\000D\000e\000t\000a\000i\000l\000e\000d\000\040\000D\000e\000s\000c\000r\000i\000p\000t\000i\000o\000n}{section.4.1}% 8
\BOOKMARK [2][-]{subsection.4.1.2}{\376\377\0004\000.\0001\000.\0002\000\040\000C\000o\000n\000s\000t\000r\000u\000c\000t\000o\000r\000\040\000\046\000\040\000D\000e\000s\000t\000r\000u\000c\000t\000o\000r\000\040\000D\000o\000c\000u\000m\000e\000n\000t\000a\000t\000i\000o\000n}{section.4.1}% 9
\BOOKMARK [3][-]{subsubsection.4.1.2.1}{\376\377\0004\000.\0001\000.\0002\000.\0001\000\040\000M\000a\000t\000r\000i\000x\000\050\000\051\000\040\000[\0001\000/\0003\000]}{subsection.4.1.2}% 10
\BOOKMARK [3][-]{subsubsection.4.1.2.2}{\376\377\0004\000.\0001\000.\0002\000.\0002\000\040\000M\000a\000t\000r\000i\000x\000\050\000\051\000\040\000[\0002\000/\0003\000]}{subsection.4.1.2}% 11
\BOOKMARK [3][-]{subsubsection.4.1.2.3}{\376\377\0004\000.\0001\000.\0002\000.\0003\000\040\000M\000a\000t\000r\000i\000x\000\050\000\051\000\040\000[\0003\000/\0003\000]}{subsection.4.1.2}% 12
\BOOKMARK [2][-]{subsection.4.1.3}{\376\377\0004\000.\0001\000.\0003\000\040\000M\000e\000m\000b\000e\000r\000\040\000F\000u\000n\000c\000t\000i\000o\000n\000\040\000D\000o\000c\000u\000m\000e\000n\000t\000a\000t\000i\000o\000n}{section.4.1}% 13
\BOOKMARK [3][-]{subsubsection.4.1.3.1}{\376\377\0004\000.\0001\000.\0003\000.\0001\000\040\000o\000p\000e\000r\000a\000t\000o\000r\000\050\000\051\000\050\000\051\000\040\000[\0001\000/\0002\000]}{subsection.4.1.3}% 14
\BOOKMARK [3][-]{subsubsection.4.1.3.2}{\376\377\0004\000.\0001\000.\0003\000.\0002\000\040\000o\000p\000e\000r\000a\000t\000o\000r\000\050\000\051\000\050\000\051\000\040\000[\0002\000/\0002\000]}{subsection.4.1.3}% 15
\BOOKMARK [3][-]{subsubsection.4.1.3.3}{\376\377\0004\000.\0001\000.\0003\000.\0003\000\040\000o\000p\000e\000r\000a\000t\000o\000r\000*\000\050\000\051\000\040\000[\0001\000/\0002\000]}{subsection.4.1.3}% 16
\BOOKMARK [3][-]{subsubsection.4.1.3.4}{\376\377\0004\000.\0001\000.\0003\000.\0004\000\040\000o\000p\000e\000r\000a\000t\000o\000r\000*\000\050\000\051\000\040\000[\0002\000/\0002\000]}{subsection.4.1.3}% 17
\BOOKMARK [3][-]{subsubsection.4.1.3.5}{\376\377\0004\000.\0001\000.\0003\000.\0005\000\040\000o\000p\000e\000r\000a\000t\000o\000r\000+\000\050\000\051\000\040\000[\0001\000/\0002\000]}{subsection.4.1.3}% 18
\BOOKMARK [3][-]{subsubsection.4.1.3.6}{\376\377\0004\000.\0001\000.\0003\000.\0006\000\040\000o\000p\000e\000r\000a\000t\000o\000r\000+\000\050\000\051\000\040\000[\0002\000/\0002\000]}{subsection.4.1.3}% 19
\BOOKMARK [3][-]{subsubsection.4.1.3.7}{\376\377\0004\000.\0001\000.\0003\000.\0007\000\040\000o\000p\000e\000r\000a\000t\000o\000r\000-\000\050\000\051\000\040\000[\0001\000/\0002\000]}{subsection.4.1.3}% 20
\BOOKMARK [3][-]{subsubsection.4.1.3.8}{\376\377\0004\000.\0001\000.\0003\000.\0008\000\040\000o\000p\000e\000r\000a\000t\000o\000r\000-\000\050\000\051\000\040\000[\0002\000/\0002\000]}{subsection.4.1.3}% 21
\BOOKMARK [3][-]{subsubsection.4.1.3.9}{\376\377\0004\000.\0001\000.\0003\000.\0009\000\040\000o\000p\000e\000r\000a\000t\000o\000r\000/\000\050\000\051\000\040\000[\0001\000/\0002\000]}{subsection.4.1.3}% 22
\BOOKMARK [3][-]{subsubsection.4.1.3.10}{\376\377\0004\000.\0001\000.\0003\000.\0001\0000\000\040\000o\000p\000e\000r\000a\000t\000o\000r\000/\000\050\000\051\000\040\000[\0002\000/\0002\000]}{subsection.4.1.3}% 23
\BOOKMARK [3][-]{subsubsection.4.1.3.11}{\376\377\0004\000.\0001\000.\0003\000.\0001\0001\000\040\000o\000p\000e\000r\000a\000t\000o\000r\000=\000\050\000\051}{subsection.4.1.3}% 24
\BOOKMARK [2][-]{subsection.4.1.4}{\376\377\0004\000.\0001\000.\0004\000\040\000F\000r\000i\000e\000n\000d\000s\000\040\000A\000n\000d\000\040\000R\000e\000l\000a\000t\000e\000d\000\040\000S\000y\000m\000b\000o\000l\000\040\000D\000o\000c\000u\000m\000e\000n\000t\000a\000t\000i\000o\000n}{section.4.1}% 25
\BOOKMARK [3][-]{subsubsection.4.1.4.1}{\376\377\0004\000.\0001\000.\0004\000.\0001\000\040\000o\000p\000e\000r\000a\000t\000o\000r\000<\000<}{subsection.4.1.4}% 26
\BOOKMARK [2][-]{subsection.4.1.5}{\376\377\0004\000.\0001\000.\0005\000\040\000M\000e\000m\000b\000e\000r\000\040\000D\000a\000t\000a\000\040\000D\000o\000c\000u\000m\000e\000n\000t\000a\000t\000i\000o\000n}{section.4.1}% 27
\BOOKMARK [3][-]{subsubsection.4.1.5.1}{\376\377\0004\000.\0001\000.\0005\000.\0001\000\040\000d\000a\000t\000a}{subsection.4.1.5}% 28
\BOOKMARK [3][-]{subsubsection.4.1.5.2}{\376\377\0004\000.\0001\000.\0005\000.\0002\000\040\000n\000\137\000c\000o\000l\000u\000m\000n}{subsection.4.1.5}% 29
\BOOKMARK [3][-]{subsubsection.4.1.5.3}{\376\377\0004\000.\0001\000.\0005\000.\0003\000\040\000n\000\137\000r\000o\000w}{subsection.4.1.5}% 30
\BOOKMARK [1][-]{section.4.2}{\376\377\0004\000.\0002\000\040\000P\000a\000r\000a\000m\000\040\000S\000t\000r\000u\000c\000t\000\040\000R\000e\000f\000e\000r\000e\000n\000c\000e}{chapter.4}% 31
\BOOKMARK [2][-]{subsection.4.2.1}{\376\377\0004\000.\0002\000.\0001\000\040\000D\000e\000t\000a\000i\000l\000e\000d\000\040\000D\000e\000s\000c\000r\000i\000p\000t\000i\000o\000n}{section.4.2}% 32
\BOOKMARK [2][-]{subsection.4.2.2}{\376\377\0004\000.\0002\000.\0002\000\040\000M\000e\000m\000b\000e\000r\000\040\000D\000a\000t\000a\000\040\000D\000o\000c\000u\000m\000e\000n\000t\000a\000t\000i\000o\000n}{section.4.2}% 33
\BOOKMARK [3][-]{subsubsection.4.2.2.1}{\376\377\0004\000.\0002\000.\0002\000.\0001\000\040\000m}{subsection.4.2.2}% 34
\BOOKMARK [3][-]{subsubsection.4.2.2.2}{\376\377\0004\000.\0002\000.\0002\000.\0002\000\040\000M\000j\000d\000\137\000T\000T}{subsection.4.2.2}% 35
\BOOKMARK [3][-]{subsubsection.4.2.2.3}{\376\377\0004\000.\0002\000.\0002\000.\0003\000\040\000M\000j\000d\000\137\000U\000T\000C}{subsection.4.2.2}% 36
\BOOKMARK [3][-]{subsubsection.4.2.2.4}{\376\377\0004\000.\0002\000.\0002\000.\0004\000\040\000m\000o\000o\000n}{subsection.4.2.2}% 37
\BOOKMARK [3][-]{subsubsection.4.2.2.5}{\376\377\0004\000.\0002\000.\0002\000.\0005\000\040\000n}{subsection.4.2.2}% 38
\BOOKMARK [3][-]{subsubsection.4.2.2.6}{\376\377\0004\000.\0002\000.\0002\000.\0006\000\040\000p\000l\000a\000n\000e\000t\000s}{subsection.4.2.2}% 39
\BOOKMARK [3][-]{subsubsection.4.2.2.7}{\376\377\0004\000.\0002\000.\0002\000.\0007\000\040\000s\000u\000n}{subsection.4.2.2}% 40
\BOOKMARK [0][-]{chapter.5}{\376\377\0005\000\040\000F\000i\000l\000e\000\040\000D\000o\000c\000u\000m\000e\000n\000t\000a\000t\000i\000o\000n}{}% 41
\BOOKMARK [1][-]{section.5.1}{\376\377\0005\000.\0001\000\040\000A\000c\000c\000e\000l\000.\000h\000\040\000F\000i\000l\000e\000\040\000R\000e\000f\000e\000r\000e\000n\000c\000e}{chapter.5}% 42
\BOOKMARK [2][-]{subsection.5.1.1}{\376\377\0005\000.\0001\000.\0001\000\040\000D\000e\000t\000a\000i\000l\000e\000d\000\040\000D\000e\000s\000c\000r\000i\000p\000t\000i\000o\000n}{section.5.1}% 43
\BOOKMARK [2][-]{subsection.5.1.2}{\376\377\0005\000.\0001\000.\0002\000\040\000F\000u\000n\000c\000t\000i\000o\000n\000\040\000D\000o\000c\000u\000m\000e\000n\000t\000a\000t\000i\000o\000n}{section.5.1}% 44
\BOOKMARK [3][-]{subsubsection.5.1.2.1}{\376\377\0005\000.\0001\000.\0002\000.\0001\000\040\000A\000c\000c\000e\000l\000\050\000\051}{subsection.5.1.2}% 45
\BOOKMARK [1][-]{section.5.2}{\376\377\0005\000.\0002\000\040\000A\000c\000c\000e\000l\000.\000h}{chapter.5}% 46
\BOOKMARK [1][-]{section.5.3}{\376\377\0005\000.\0003\000\040\000A\000c\000c\000e\000l\000H\000a\000r\000m\000o\000n\000i\000c\000.\000h\000\040\000F\000i\000l\000e\000\040\000R\000e\000f\000e\000r\000e\000n\000c\000e}{chapter.5}% 47
\BOOKMARK [2][-]{subsection.5.3.1}{\376\377\0005\000.\0003\000.\0001\000\040\000D\000e\000t\000a\000i\000l\000e\000d\000\040\000D\000e\000s\000c\000r\000i\000p\000t\000i\000o\000n}{section.5.3}% 48
\BOOKMARK [2][-]{subsection.5.3.2}{\376\377\0005\000.\0003\000.\0002\000\040\000F\000u\000n\000c\000t\000i\000o\000n\000\040\000D\000o\000c\000u\000m\000e\000n\000t\000a\000t\000i\000o\000n}{section.5.3}% 49
\BOOKMARK [3][-]{subsubsection.5.3.2.1}{\376\377\0005\000.\0003\000.\0002\000.\0001\000\040\000A\000c\000c\000e\000l\000H\000a\000r\000m\000o\000n\000i\000c\000\050\000\051}{subsection.5.3.2}% 50
\BOOKMARK [1][-]{section.5.4}{\376\377\0005\000.\0004\000\040\000A\000c\000c\000e\000l\000H\000a\000r\000m\000o\000n\000i\000c\000.\000h}{chapter.5}% 51
\BOOKMARK [1][-]{section.5.5}{\376\377\0005\000.\0005\000\040\000A\000c\000c\000e\000l\000P\000o\000i\000n\000t\000M\000a\000s\000s\000.\000h\000\040\000F\000i\000l\000e\000\040\000R\000e\000f\000e\000r\000e\000n\000c\000e}{chapter.5}% 52
\BOOKMARK [2][-]{subsection.5.5.1}{\376\377\0005\000.\0005\000.\0001\000\040\000D\000e\000t\000a\000i\000l\000e\000d\000\040\000D\000e\000s\000c\000r\000i\000p\000t\000i\000o\000n}{section.5.5}% 53
\BOOKMARK [2][-]{subsection.5.5.2}{\376\377\0005\000.\0005\000.\0002\000\040\000F\000u\000n\000c\000t\000i\000o\000n\000\040\000D\000o\000c\000u\000m\000e\000n\000t\000a\000t\000i\000o\000n}{section.5.5}% 54
\BOOKMARK [3][-]{subsubsection.5.5.2.1}{\376\377\0005\000.\0005\000.\0002\000.\0001\000\040\000A\000c\000c\000e\000l\000P\000o\000i\000n\000t\000M\000a\000s\000s\000\050\000\051}{subsection.5.5.2}% 55
\BOOKMARK [1][-]{section.5.6}{\376\377\0005\000.\0006\000\040\000A\000c\000c\000e\000l\000P\000o\000i\000n\000t\000M\000a\000s\000s\000.\000h}{chapter.5}% 56
\BOOKMARK [1][-]{section.5.7}{\376\377\0005\000.\0007\000\040\000A\000z\000E\000l\000P\000a\000.\000h\000\040\000F\000i\000l\000e\000\040\000R\000e\000f\000e\000r\000e\000n\000c\000e}{chapter.5}% 57
\BOOKMARK [2][-]{subsection.5.7.1}{\376\377\0005\000.\0007\000.\0001\000\040\000D\000e\000t\000a\000i\000l\000e\000d\000\040\000D\000e\000s\000c\000r\000i\000p\000t\000i\000o\000n}{section.5.7}% 58
\BOOKMARK [2][-]{subsection.5.7.2}{\376\377\0005\000.\0007\000.\0002\000\040\000F\000u\000n\000c\000t\000i\000o\000n\000\040\000D\000o\000c\000u\000m\000e\000n\000t\000a\000t\000i\000o\000n}{section.5.7}% 59
\BOOKMARK [3][-]{subsubsection.5.7.2.1}{\376\377\0005\000.\0007\000.\0002\000.\0001\000\040\000A\000z\000E\000l\000P\000a\000\050\000\051}{subsection.5.7.2}% 60
\BOOKMARK [1][-]{section.5.8}{\376\377\0005\000.\0008\000\040\000A\000z\000E\000l\000P\000a\000.\000h}{chapter.5}% 61
\BOOKMARK [1][-]{section.5.9}{\376\377\0005\000.\0009\000\040\000C\000h\000e\000b\0003\000D\000.\000h\000\040\000F\000i\000l\000e\000\040\000R\000e\000f\000e\000r\000e\000n\000c\000e}{chapter.5}% 62
\BOOKMARK [2][-]{subsection.5.9.1}{\376\377\0005\000.\0009\000.\0001\000\040\000D\000e\000t\000a\000i\000l\000e\000d\000\040\000D\000e\000s\000c\000r\000i\000p\000t\000i\000o\000n}{section.5.9}% 63
\BOOKMARK [2][-]{subsection.5.9.2}{\376\377\0005\000.\0009\000.\0002\000\040\000F\000u\000n\000c\000t\000i\000o\000n\000\040\000D\000o\000c\000u\000m\000e\000n\000t\000a\000t\000i\000o\000n}{section.5.9}% 64
\BOOKMARK [3][-]{subsubsection.5.9.2.1}{\376\377\0005\000.\0009\000.\0002\000.\0001\000\040\000C\000h\000e\000b\0003\000D\000\050\000\051}{subsection.5.9.2}% 65
\BOOKMARK [1][-]{section.5.10}{\376\377\0005\000.\0001\0000\000\040\000C\000h\000e\000b\0003\000D\000.\000h}{chapter.5}% 66
\BOOKMARK [1][-]{section.5.11}{\376\377\0005\000.\0001\0001\000\040\000D\000E\000I\000n\000t\000e\000g\000.\000h\000\040\000F\000i\000l\000e\000\040\000R\000e\000f\000e\000r\000e\000n\000c\000e}{chapter.5}% 67
\BOOKMARK [2][-]{subsection.5.11.1}{\376\377\0005\000.\0001\0001\000.\0001\000\040\000D\000e\000t\000a\000i\000l\000e\000d\000\040\000D\000e\000s\000c\000r\000i\000p\000t\000i\000o\000n}{section.5.11}% 68
\BOOKMARK [2][-]{subsection.5.11.2}{\376\377\0005\000.\0001\0001\000.\0002\000\040\000F\000u\000n\000c\000t\000i\000o\000n\000\040\000D\000o\000c\000u\000m\000e\000n\000t\000a\000t\000i\000o\000n}{section.5.11}% 69
\BOOKMARK [3][-]{subsubsection.5.11.2.1}{\376\377\0005\000.\0001\0001\000.\0002\000.\0001\000\040\000D\000E\000I\000n\000t\000e\000g\000\050\000\051}{subsection.5.11.2}% 70
\BOOKMARK [1][-]{section.5.12}{\376\377\0005\000.\0001\0002\000\040\000D\000E\000I\000n\000t\000e\000g\000.\000h}{chapter.5}% 71
\BOOKMARK [1][-]{section.5.13}{\376\377\0005\000.\0001\0003\000\040\000E\000c\000c\000A\000n\000o\000m\000.\000h\000\040\000F\000i\000l\000e\000\040\000R\000e\000f\000e\000r\000e\000n\000c\000e}{chapter.5}% 72
\BOOKMARK [2][-]{subsection.5.13.1}{\376\377\0005\000.\0001\0003\000.\0001\000\040\000D\000e\000t\000a\000i\000l\000e\000d\000\040\000D\000e\000s\000c\000r\000i\000p\000t\000i\000o\000n}{section.5.13}% 73
\BOOKMARK [2][-]{subsection.5.13.2}{\376\377\0005\000.\0001\0003\000.\0002\000\040\000F\000u\000n\000c\000t\000i\000o\000n\000\040\000D\000o\000c\000u\000m\000e\000n\000t\000a\000t\000i\000o\000n}{section.5.13}% 74
\BOOKMARK [3][-]{subsubsection.5.13.2.1}{\376\377\0005\000.\0001\0003\000.\0002\000.\0001\000\040\000E\000c\000c\000A\000n\000o\000m\000\050\000\051}{subsection.5.13.2}% 75
\BOOKMARK [1][-]{section.5.14}{\376\377\0005\000.\0001\0004\000\040\000E\000c\000c\000A\000n\000o\000m\000.\000h}{chapter.5}% 76
\BOOKMARK [1][-]{section.5.15}{\376\377\0005\000.\0001\0005\000\040\000E\000q\000n\000E\000q\000u\000i\000n\000o\000x\000.\000h\000\040\000F\000i\000l\000e\000\040\000R\000e\000f\000e\000r\000e\000n\000c\000e}{chapter.5}% 77
\BOOKMARK [2][-]{subsection.5.15.1}{\376\377\0005\000.\0001\0005\000.\0001\000\040\000D\000e\000t\000a\000i\000l\000e\000d\000\040\000D\000e\000s\000c\000r\000i\000p\000t\000i\000o\000n}{section.5.15}% 78
\BOOKMARK [2][-]{subsection.5.15.2}{\376\377\0005\000.\0001\0005\000.\0002\000\040\000F\000u\000n\000c\000t\000i\000o\000n\000\040\000D\000o\000c\000u\000m\000e\000n\000t\000a\000t\000i\000o\000n}{section.5.15}% 79
\BOOKMARK [3][-]{subsubsection.5.15.2.1}{\376\377\0005\000.\0001\0005\000.\0002\000.\0001\000\040\000E\000q\000n\000E\000q\000u\000i\000n\000o\000x\000\050\000\051}{subsection.5.15.2}% 80
\BOOKMARK [1][-]{section.5.16}{\376\377\0005\000.\0001\0006\000\040\000E\000q\000n\000E\000q\000u\000i\000n\000o\000x\000.\000h}{chapter.5}% 81
\BOOKMARK [1][-]{section.5.17}{\376\377\0005\000.\0001\0007\000\040\000F\000r\000a\000c\000.\000h\000\040\000F\000i\000l\000e\000\040\000R\000e\000f\000e\000r\000e\000n\000c\000e}{chapter.5}% 82
\BOOKMARK [2][-]{subsection.5.17.1}{\376\377\0005\000.\0001\0007\000.\0001\000\040\000D\000e\000t\000a\000i\000l\000e\000d\000\040\000D\000e\000s\000c\000r\000i\000p\000t\000i\000o\000n}{section.5.17}% 83
\BOOKMARK [2][-]{subsection.5.17.2}{\376\377\0005\000.\0001\0007\000.\0002\000\040\000F\000u\000n\000c\000t\000i\000o\000n\000\040\000D\000o\000c\000u\000m\000e\000n\000t\000a\000t\000i\000o\000n}{section.5.17}% 84
\BOOKMARK [3][-]{subsubsection.5.17.2.1}{\376\377\0005\000.\0001\0007\000.\0002\000.\0001\000\040\000F\000r\000a\000c\000\050\000\051}{subsection.5.17.2}% 85
\BOOKMARK [1][-]{section.5.18}{\376\377\0005\000.\0001\0008\000\040\000F\000r\000a\000c\000.\000h}{chapter.5}% 86
\BOOKMARK [1][-]{section.5.19}{\376\377\0005\000.\0001\0009\000\040\000G\000\137\000A\000c\000c\000e\000l\000H\000a\000r\000m\000o\000n\000i\000c\000.\000h\000\040\000F\000i\000l\000e\000\040\000R\000e\000f\000e\000r\000e\000n\000c\000e}{chapter.5}% 87
\BOOKMARK [2][-]{subsection.5.19.1}{\376\377\0005\000.\0001\0009\000.\0001\000\040\000D\000e\000t\000a\000i\000l\000e\000d\000\040\000D\000e\000s\000c\000r\000i\000p\000t\000i\000o\000n}{section.5.19}% 88
\BOOKMARK [2][-]{subsection.5.19.2}{\376\377\0005\000.\0001\0009\000.\0002\000\040\000F\000u\000n\000c\000t\000i\000o\000n\000\040\000D\000o\000c\000u\000m\000e\000n\000t\000a\000t\000i\000o\000n}{section.5.19}% 89
\BOOKMARK [3][-]{subsubsection.5.19.2.1}{\376\377\0005\000.\0001\0009\000.\0002\000.\0001\000\040\000G\000\137\000A\000c\000c\000e\000l\000H\000a\000r\000m\000o\000n\000i\000c\000\050\000\051}{subsection.5.19.2}% 90
\BOOKMARK [1][-]{section.5.20}{\376\377\0005\000.\0002\0000\000\040\000G\000\137\000A\000c\000c\000e\000l\000H\000a\000r\000m\000o\000n\000i\000c\000.\000h}{chapter.5}% 91
\BOOKMARK [1][-]{section.5.21}{\376\377\0005\000.\0002\0001\000\040\000g\000a\000s\000t\000.\000h\000\040\000F\000i\000l\000e\000\040\000R\000e\000f\000e\000r\000e\000n\000c\000e}{chapter.5}% 92
\BOOKMARK [2][-]{subsection.5.21.1}{\376\377\0005\000.\0002\0001\000.\0001\000\040\000D\000e\000t\000a\000i\000l\000e\000d\000\040\000D\000e\000s\000c\000r\000i\000p\000t\000i\000o\000n}{section.5.21}% 93
\BOOKMARK [2][-]{subsection.5.21.2}{\376\377\0005\000.\0002\0001\000.\0002\000\040\000F\000u\000n\000c\000t\000i\000o\000n\000\040\000D\000o\000c\000u\000m\000e\000n\000t\000a\000t\000i\000o\000n}{section.5.21}% 94
\BOOKMARK [3][-]{subsubsection.5.21.2.1}{\376\377\0005\000.\0002\0001\000.\0002\000.\0001\000\040\000g\000a\000s\000t\000\050\000\051}{subsection.5.21.2}% 95
\BOOKMARK [1][-]{section.5.22}{\376\377\0005\000.\0002\0002\000\040\000g\000a\000s\000t\000.\000h}{chapter.5}% 96
\BOOKMARK [1][-]{section.5.23}{\376\377\0005\000.\0002\0003\000\040\000G\000H\000A\000M\000a\000t\000r\000i\000x\000.\000h\000\040\000F\000i\000l\000e\000\040\000R\000e\000f\000e\000r\000e\000n\000c\000e}{chapter.5}% 97
\BOOKMARK [2][-]{subsection.5.23.1}{\376\377\0005\000.\0002\0003\000.\0001\000\040\000D\000e\000t\000a\000i\000l\000e\000d\000\040\000D\000e\000s\000c\000r\000i\000p\000t\000i\000o\000n}{section.5.23}% 98
\BOOKMARK [2][-]{subsection.5.23.2}{\376\377\0005\000.\0002\0003\000.\0002\000\040\000F\000u\000n\000c\000t\000i\000o\000n\000\040\000D\000o\000c\000u\000m\000e\000n\000t\000a\000t\000i\000o\000n}{section.5.23}% 99
\BOOKMARK [3][-]{subsubsection.5.23.2.1}{\376\377\0005\000.\0002\0003\000.\0002\000.\0001\000\040\000G\000H\000A\000M\000a\000t\000r\000i\000x\000\050\000\051}{subsection.5.23.2}% 100
\BOOKMARK [1][-]{section.5.24}{\376\377\0005\000.\0002\0004\000\040\000G\000H\000A\000M\000a\000t\000r\000i\000x\000.\000h}{chapter.5}% 101
\BOOKMARK [1][-]{section.5.25}{\376\377\0005\000.\0002\0005\000\040\000G\000L\000O\000B\000A\000L\000.\000h\000\040\000F\000i\000l\000e\000\040\000R\000e\000f\000e\000r\000e\000n\000c\000e}{chapter.5}% 102
\BOOKMARK [2][-]{subsection.5.25.1}{\376\377\0005\000.\0002\0005\000.\0001\000\040\000D\000e\000t\000a\000i\000l\000e\000d\000\040\000D\000e\000s\000c\000r\000i\000p\000t\000i\000o\000n}{section.5.25}% 103
\BOOKMARK [2][-]{subsection.5.25.2}{\376\377\0005\000.\0002\0005\000.\0002\000\040\000F\000u\000n\000c\000t\000i\000o\000n\000\040\000D\000o\000c\000u\000m\000e\000n\000t\000a\000t\000i\000o\000n}{section.5.25}% 104
\BOOKMARK [3][-]{subsubsection.5.25.2.1}{\376\377\0005\000.\0002\0005\000.\0002\000.\0001\000\040\000A\000u\000x\000P\000a\000r\000a\000m\000L\000o\000a\000d\000\050\000\051}{subsection.5.25.2}% 105
\BOOKMARK [3][-]{subsubsection.5.25.2.2}{\376\377\0005\000.\0002\0005\000.\0002\000.\0002\000\040\000D\000E\0004\0003\0000\000C\000o\000e\000f\000f\000\050\000\051}{subsection.5.25.2}% 106
\BOOKMARK [3][-]{subsubsection.5.25.2.3}{\376\377\0005\000.\0002\0005\000.\0002\000.\0003\000\040\000e\000o\000p\0001\0009\0006\0002\0000\0001\0000\0001\000\050\000\051}{subsection.5.25.2}% 107
\BOOKMARK [3][-]{subsubsection.5.25.2.4}{\376\377\0005\000.\0002\0005\000.\0002\000.\0004\000\040\000G\000E\000O\000S\0003\000\050\000\051}{subsection.5.25.2}% 108
\BOOKMARK [3][-]{subsubsection.5.25.2.5}{\376\377\0005\000.\0002\0005\000.\0002\000.\0005\000\040\000G\000G\000M\0000\0003\000S\000\050\000\051}{subsection.5.25.2}% 109
\BOOKMARK [2][-]{subsection.5.25.3}{\376\377\0005\000.\0002\0005\000.\0003\000\040\000V\000a\000r\000i\000a\000b\000l\000e\000\040\000D\000o\000c\000u\000m\000e\000n\000t\000a\000t\000i\000o\000n}{section.5.25}% 110
\BOOKMARK [3][-]{subsubsection.5.25.3.1}{\376\377\0005\000.\0002\0005\000.\0003\000.\0001\000\040\000A\000u\000x\000P\000a\000r\000a\000m}{subsection.5.25.3}% 111
\BOOKMARK [3][-]{subsubsection.5.25.3.2}{\376\377\0005\000.\0002\0005\000.\0003\000.\0002\000\040\000C\000n\000m}{subsection.5.25.3}% 112
\BOOKMARK [3][-]{subsubsection.5.25.3.3}{\376\377\0005\000.\0002\0005\000.\0003\000.\0003\000\040\000e\000o\000p\000d\000a\000t\000a}{subsection.5.25.3}% 113
\BOOKMARK [3][-]{subsubsection.5.25.3.4}{\376\377\0005\000.\0002\0005\000.\0003\000.\0004\000\040\000o\000b\000s}{subsection.5.25.3}% 114
\BOOKMARK [3][-]{subsubsection.5.25.3.5}{\376\377\0005\000.\0002\0005\000.\0003\000.\0005\000\040\000P\000C}{subsection.5.25.3}% 115
\BOOKMARK [3][-]{subsubsection.5.25.3.6}{\376\377\0005\000.\0002\0005\000.\0003\000.\0006\000\040\000S\000n\000m}{subsection.5.25.3}% 116
\BOOKMARK [1][-]{section.5.26}{\376\377\0005\000.\0002\0006\000\040\000G\000L\000O\000B\000A\000L\000.\000h}{chapter.5}% 117
\BOOKMARK [1][-]{section.5.27}{\376\377\0005\000.\0002\0007\000\040\000g\000m\000s\000t\000.\000h\000\040\000F\000i\000l\000e\000\040\000R\000e\000f\000e\000r\000e\000n\000c\000e}{chapter.5}% 118
\BOOKMARK [2][-]{subsection.5.27.1}{\376\377\0005\000.\0002\0007\000.\0001\000\040\000D\000e\000t\000a\000i\000l\000e\000d\000\040\000D\000e\000s\000c\000r\000i\000p\000t\000i\000o\000n}{section.5.27}% 119
\BOOKMARK [2][-]{subsection.5.27.2}{\376\377\0005\000.\0002\0007\000.\0002\000\040\000F\000u\000n\000c\000t\000i\000o\000n\000\040\000D\000o\000c\000u\000m\000e\000n\000t\000a\000t\000i\000o\000n}{section.5.27}% 120
\BOOKMARK [3][-]{subsubsection.5.27.2.1}{\376\377\0005\000.\0002\0007\000.\0002\000.\0001\000\040\000g\000m\000s\000t\000\050\000\051}{subsection.5.27.2}% 121
\BOOKMARK [1][-]{section.5.28}{\376\377\0005\000.\0002\0008\000\040\000g\000m\000s\000t\000.\000h}{chapter.5}% 122
\BOOKMARK [1][-]{section.5.29}{\376\377\0005\000.\0002\0009\000\040\000I\000E\000R\000S\000.\000h\000\040\000F\000i\000l\000e\000\040\000R\000e\000f\000e\000r\000e\000n\000c\000e}{chapter.5}% 123
\BOOKMARK [2][-]{subsection.5.29.1}{\376\377\0005\000.\0002\0009\000.\0001\000\040\000D\000e\000t\000a\000i\000l\000e\000d\000\040\000D\000e\000s\000c\000r\000i\000p\000t\000i\000o\000n}{section.5.29}% 124
\BOOKMARK [2][-]{subsection.5.29.2}{\376\377\0005\000.\0002\0009\000.\0002\000\040\000F\000u\000n\000c\000t\000i\000o\000n\000\040\000D\000o\000c\000u\000m\000e\000n\000t\000a\000t\000i\000o\000n}{section.5.29}% 125
\BOOKMARK [3][-]{subsubsection.5.29.2.1}{\376\377\0005\000.\0002\0009\000.\0002\000.\0001\000\040\000I\000E\000R\000S\000\050\000\051}{subsection.5.29.2}% 126
\BOOKMARK [1][-]{section.5.30}{\376\377\0005\000.\0003\0000\000\040\000I\000E\000R\000S\000.\000h}{chapter.5}% 127
\BOOKMARK [1][-]{section.5.31}{\376\377\0005\000.\0003\0001\000\040\000J\000P\000L\000\137\000E\000p\000h\000\137\000D\000E\0004\0003\0000\000.\000h\000\040\000F\000i\000l\000e\000\040\000R\000e\000f\000e\000r\000e\000n\000c\000e}{chapter.5}% 128
\BOOKMARK [2][-]{subsection.5.31.1}{\376\377\0005\000.\0003\0001\000.\0001\000\040\000D\000e\000t\000a\000i\000l\000e\000d\000\040\000D\000e\000s\000c\000r\000i\000p\000t\000i\000o\000n}{section.5.31}% 129
\BOOKMARK [2][-]{subsection.5.31.2}{\376\377\0005\000.\0003\0001\000.\0002\000\040\000F\000u\000n\000c\000t\000i\000o\000n\000\040\000D\000o\000c\000u\000m\000e\000n\000t\000a\000t\000i\000o\000n}{section.5.31}% 130
\BOOKMARK [3][-]{subsubsection.5.31.2.1}{\376\377\0005\000.\0003\0001\000.\0002\000.\0001\000\040\000J\000P\000L\000\137\000E\000p\000h\000\137\000D\000E\0004\0003\0000\000\050\000\051}{subsection.5.31.2}% 131
\BOOKMARK [1][-]{section.5.32}{\376\377\0005\000.\0003\0002\000\040\000J\000P\000L\000\137\000E\000p\000h\000\137\000D\000E\0004\0003\0000\000.\000h}{chapter.5}% 132
\BOOKMARK [1][-]{section.5.33}{\376\377\0005\000.\0003\0003\000\040\000L\000e\000g\000e\000n\000d\000r\000e\000.\000h\000\040\000F\000i\000l\000e\000\040\000R\000e\000f\000e\000r\000e\000n\000c\000e}{chapter.5}% 133
\BOOKMARK [2][-]{subsection.5.33.1}{\376\377\0005\000.\0003\0003\000.\0001\000\040\000D\000e\000t\000a\000i\000l\000e\000d\000\040\000D\000e\000s\000c\000r\000i\000p\000t\000i\000o\000n}{section.5.33}% 134
\BOOKMARK [2][-]{subsection.5.33.2}{\376\377\0005\000.\0003\0003\000.\0002\000\040\000F\000u\000n\000c\000t\000i\000o\000n\000\040\000D\000o\000c\000u\000m\000e\000n\000t\000a\000t\000i\000o\000n}{section.5.33}% 135
\BOOKMARK [3][-]{subsubsection.5.33.2.1}{\376\377\0005\000.\0003\0003\000.\0002\000.\0001\000\040\000L\000e\000g\000e\000n\000d\000r\000e\000\050\000\051}{subsection.5.33.2}% 136
\BOOKMARK [1][-]{section.5.34}{\376\377\0005\000.\0003\0004\000\040\000L\000e\000g\000e\000n\000d\000r\000e\000.\000h}{chapter.5}% 137
\BOOKMARK [1][-]{section.5.35}{\376\377\0005\000.\0003\0005\000\040\000L\000T\000C\000.\000h\000\040\000F\000i\000l\000e\000\040\000R\000e\000f\000e\000r\000e\000n\000c\000e}{chapter.5}% 138
\BOOKMARK [2][-]{subsection.5.35.1}{\376\377\0005\000.\0003\0005\000.\0001\000\040\000D\000e\000t\000a\000i\000l\000e\000d\000\040\000D\000e\000s\000c\000r\000i\000p\000t\000i\000o\000n}{section.5.35}% 139
\BOOKMARK [2][-]{subsection.5.35.2}{\376\377\0005\000.\0003\0005\000.\0002\000\040\000F\000u\000n\000c\000t\000i\000o\000n\000\040\000D\000o\000c\000u\000m\000e\000n\000t\000a\000t\000i\000o\000n}{section.5.35}% 140
\BOOKMARK [3][-]{subsubsection.5.35.2.1}{\376\377\0005\000.\0003\0005\000.\0002\000.\0001\000\040\000L\000T\000C\000\050\000\051}{subsection.5.35.2}% 141
\BOOKMARK [1][-]{section.5.36}{\376\377\0005\000.\0003\0006\000\040\000L\000T\000C\000.\000h}{chapter.5}% 142
\BOOKMARK [1][-]{section.5.37}{\376\377\0005\000.\0003\0007\000\040\000m\000a\000t\000r\000i\000x\000.\000h\000\040\000F\000i\000l\000e\000\040\000R\000e\000f\000e\000r\000e\000n\000c\000e}{chapter.5}% 143
\BOOKMARK [2][-]{subsection.5.37.1}{\376\377\0005\000.\0003\0007\000.\0001\000\040\000D\000e\000t\000a\000i\000l\000e\000d\000\040\000D\000e\000s\000c\000r\000i\000p\000t\000i\000o\000n}{section.5.37}% 144
\BOOKMARK [2][-]{subsection.5.37.2}{\376\377\0005\000.\0003\0007\000.\0002\000\040\000F\000u\000n\000c\000t\000i\000o\000n\000\040\000D\000o\000c\000u\000m\000e\000n\000t\000a\000t\000i\000o\000n}{section.5.37}% 145
\BOOKMARK [3][-]{subsubsection.5.37.2.1}{\376\377\0005\000.\0003\0007\000.\0002\000.\0001\000\040\000a\000s\000s\000i\000g\000n\000\137\000c\000o\000l\000u\000m\000n\000\050\000\051}{subsection.5.37.2}% 146
\BOOKMARK [3][-]{subsubsection.5.37.2.2}{\376\377\0005\000.\0003\0007\000.\0002\000.\0002\000\040\000a\000s\000s\000i\000g\000n\000\137\000r\000o\000w\000\050\000\051}{subsection.5.37.2}% 147
\BOOKMARK [3][-]{subsubsection.5.37.2.3}{\376\377\0005\000.\0003\0007\000.\0002\000.\0003\000\040\000c\000r\000o\000s\000s\000\050\000\051}{subsection.5.37.2}% 148
\BOOKMARK [3][-]{subsubsection.5.37.2.4}{\376\377\0005\000.\0003\0007\000.\0002\000.\0004\000\040\000d\000o\000t\000\050\000\051}{subsection.5.37.2}% 149
\BOOKMARK [3][-]{subsubsection.5.37.2.5}{\376\377\0005\000.\0003\0007\000.\0002\000.\0005\000\040\000e\000x\000t\000r\000a\000c\000t\000\137\000c\000o\000l\000u\000m\000n\000\050\000\051}{subsection.5.37.2}% 150
\BOOKMARK [3][-]{subsubsection.5.37.2.6}{\376\377\0005\000.\0003\0007\000.\0002\000.\0006\000\040\000e\000x\000t\000r\000a\000c\000t\000\137\000r\000o\000w\000\050\000\051}{subsection.5.37.2}% 151
\BOOKMARK [3][-]{subsubsection.5.37.2.7}{\376\377\0005\000.\0003\0007\000.\0002\000.\0007\000\040\000e\000x\000t\000r\000a\000c\000t\000\137\000v\000e\000c\000t\000o\000r\000\050\000\051}{subsection.5.37.2}% 152
\BOOKMARK [3][-]{subsubsection.5.37.2.8}{\376\377\0005\000.\0003\0007\000.\0002\000.\0008\000\040\000e\000y\000e\000\050\000\051}{subsection.5.37.2}% 153
\BOOKMARK [3][-]{subsubsection.5.37.2.9}{\376\377\0005\000.\0003\0007\000.\0002\000.\0009\000\040\000i\000n\000v\000\050\000\051}{subsection.5.37.2}% 154
\BOOKMARK [3][-]{subsubsection.5.37.2.10}{\376\377\0005\000.\0003\0007\000.\0002\000.\0001\0000\000\040\000n\000o\000r\000m\000\050\000\051}{subsection.5.37.2}% 155
\BOOKMARK [3][-]{subsubsection.5.37.2.11}{\376\377\0005\000.\0003\0007\000.\0002\000.\0001\0001\000\040\000o\000p\000e\000r\000a\000t\000o\000r\000<\000<\000\050\000\051}{subsection.5.37.2}% 156
\BOOKMARK [3][-]{subsubsection.5.37.2.12}{\376\377\0005\000.\0003\0007\000.\0002\000.\0001\0002\000\040\000t\000r\000a\000n\000s\000p\000o\000s\000e\000\050\000\051}{subsection.5.37.2}% 157
\BOOKMARK [3][-]{subsubsection.5.37.2.13}{\376\377\0005\000.\0003\0007\000.\0002\000.\0001\0003\000\040\000u\000n\000i\000o\000n\000\137\000v\000e\000c\000t\000o\000r\000\050\000\051}{subsection.5.37.2}% 158
\BOOKMARK [3][-]{subsubsection.5.37.2.14}{\376\377\0005\000.\0003\0007\000.\0002\000.\0001\0004\000\040\000z\000e\000r\000o\000s\000\050\000\051\000\040\000[\0001\000/\0002\000]}{subsection.5.37.2}% 159
\BOOKMARK [3][-]{subsubsection.5.37.2.15}{\376\377\0005\000.\0003\0007\000.\0002\000.\0001\0005\000\040\000z\000e\000r\000o\000s\000\050\000\051\000\040\000[\0002\000/\0002\000]}{subsection.5.37.2}% 160
\BOOKMARK [1][-]{section.5.38}{\376\377\0005\000.\0003\0008\000\040\000m\000a\000t\000r\000i\000x\000.\000h}{chapter.5}% 161
\BOOKMARK [1][-]{section.5.39}{\376\377\0005\000.\0003\0009\000\040\000M\000e\000a\000n\000O\000b\000l\000i\000q\000u\000i\000t\000y\000.\000h\000\040\000F\000i\000l\000e\000\040\000R\000e\000f\000e\000r\000e\000n\000c\000e}{chapter.5}% 162
\BOOKMARK [2][-]{subsection.5.39.1}{\376\377\0005\000.\0003\0009\000.\0001\000\040\000D\000e\000t\000a\000i\000l\000e\000d\000\040\000D\000e\000s\000c\000r\000i\000p\000t\000i\000o\000n}{section.5.39}% 163
\BOOKMARK [2][-]{subsection.5.39.2}{\376\377\0005\000.\0003\0009\000.\0002\000\040\000F\000u\000n\000c\000t\000i\000o\000n\000\040\000D\000o\000c\000u\000m\000e\000n\000t\000a\000t\000i\000o\000n}{section.5.39}% 164
\BOOKMARK [3][-]{subsubsection.5.39.2.1}{\376\377\0005\000.\0003\0009\000.\0002\000.\0001\000\040\000M\000e\000a\000n\000O\000b\000l\000i\000q\000u\000i\000t\000y\000\050\000\051}{subsection.5.39.2}% 165
\BOOKMARK [1][-]{section.5.40}{\376\377\0005\000.\0004\0000\000\040\000M\000e\000a\000n\000O\000b\000l\000i\000q\000u\000i\000t\000y\000.\000h}{chapter.5}% 166
\BOOKMARK [1][-]{section.5.41}{\376\377\0005\000.\0004\0001\000\040\000M\000e\000a\000s\000U\000p\000d\000a\000t\000e\000.\000h\000\040\000F\000i\000l\000e\000\040\000R\000e\000f\000e\000r\000e\000n\000c\000e}{chapter.5}% 167
\BOOKMARK [2][-]{subsection.5.41.1}{\376\377\0005\000.\0004\0001\000.\0001\000\040\000D\000e\000t\000a\000i\000l\000e\000d\000\040\000D\000e\000s\000c\000r\000i\000p\000t\000i\000o\000n}{section.5.41}% 168
\BOOKMARK [2][-]{subsection.5.41.2}{\376\377\0005\000.\0004\0001\000.\0002\000\040\000F\000u\000n\000c\000t\000i\000o\000n\000\040\000D\000o\000c\000u\000m\000e\000n\000t\000a\000t\000i\000o\000n}{section.5.41}% 169
\BOOKMARK [3][-]{subsubsection.5.41.2.1}{\376\377\0005\000.\0004\0001\000.\0002\000.\0001\000\040\000M\000e\000a\000s\000U\000p\000d\000a\000t\000e\000\050\000\051}{subsection.5.41.2}% 170
\BOOKMARK [1][-]{section.5.42}{\376\377\0005\000.\0004\0002\000\040\000M\000e\000a\000s\000U\000p\000d\000a\000t\000e\000.\000h}{chapter.5}% 171
\BOOKMARK [1][-]{section.5.43}{\376\377\0005\000.\0004\0003\000\040\000M\000j\000d\000a\000y\000.\000h\000\040\000F\000i\000l\000e\000\040\000R\000e\000f\000e\000r\000e\000n\000c\000e}{chapter.5}% 172
\BOOKMARK [2][-]{subsection.5.43.1}{\376\377\0005\000.\0004\0003\000.\0001\000\040\000D\000e\000t\000a\000i\000l\000e\000d\000\040\000D\000e\000s\000c\000r\000i\000p\000t\000i\000o\000n}{section.5.43}% 173
\BOOKMARK [2][-]{subsection.5.43.2}{\376\377\0005\000.\0004\0003\000.\0002\000\040\000F\000u\000n\000c\000t\000i\000o\000n\000\040\000D\000o\000c\000u\000m\000e\000n\000t\000a\000t\000i\000o\000n}{section.5.43}% 174
\BOOKMARK [3][-]{subsubsection.5.43.2.1}{\376\377\0005\000.\0004\0003\000.\0002\000.\0001\000\040\000M\000j\000d\000a\000y\000\050\000\051}{subsection.5.43.2}% 175
\BOOKMARK [1][-]{section.5.44}{\376\377\0005\000.\0004\0004\000\040\000M\000j\000d\000a\000y\000.\000h}{chapter.5}% 176
\BOOKMARK [1][-]{section.5.45}{\376\377\0005\000.\0004\0005\000\040\000M\000j\000d\000a\000y\000\137\000T\000D\000B\000.\000h\000\040\000F\000i\000l\000e\000\040\000R\000e\000f\000e\000r\000e\000n\000c\000e}{chapter.5}% 177
\BOOKMARK [2][-]{subsection.5.45.1}{\376\377\0005\000.\0004\0005\000.\0001\000\040\000D\000e\000t\000a\000i\000l\000e\000d\000\040\000D\000e\000s\000c\000r\000i\000p\000t\000i\000o\000n}{section.5.45}% 178
\BOOKMARK [2][-]{subsection.5.45.2}{\376\377\0005\000.\0004\0005\000.\0002\000\040\000F\000u\000n\000c\000t\000i\000o\000n\000\040\000D\000o\000c\000u\000m\000e\000n\000t\000a\000t\000i\000o\000n}{section.5.45}% 179
\BOOKMARK [3][-]{subsubsection.5.45.2.1}{\376\377\0005\000.\0004\0005\000.\0002\000.\0001\000\040\000M\000j\000d\000a\000y\000\137\000T\000D\000B\000\050\000\051}{subsection.5.45.2}% 180
\BOOKMARK [1][-]{section.5.46}{\376\377\0005\000.\0004\0006\000\040\000M\000j\000d\000a\000y\000\137\000T\000D\000B\000.\000h}{chapter.5}% 181
\BOOKMARK [1][-]{section.5.47}{\376\377\0005\000.\0004\0007\000\040\000N\000u\000t\000A\000n\000g\000l\000e\000s\000.\000h\000\040\000F\000i\000l\000e\000\040\000R\000e\000f\000e\000r\000e\000n\000c\000e}{chapter.5}% 182
\BOOKMARK [2][-]{subsection.5.47.1}{\376\377\0005\000.\0004\0007\000.\0001\000\040\000D\000e\000t\000a\000i\000l\000e\000d\000\040\000D\000e\000s\000c\000r\000i\000p\000t\000i\000o\000n}{section.5.47}% 183
\BOOKMARK [2][-]{subsection.5.47.2}{\376\377\0005\000.\0004\0007\000.\0002\000\040\000F\000u\000n\000c\000t\000i\000o\000n\000\040\000D\000o\000c\000u\000m\000e\000n\000t\000a\000t\000i\000o\000n}{section.5.47}% 184
\BOOKMARK [3][-]{subsubsection.5.47.2.1}{\376\377\0005\000.\0004\0007\000.\0002\000.\0001\000\040\000N\000u\000t\000A\000n\000g\000l\000e\000s\000\050\000\051}{subsection.5.47.2}% 185
\BOOKMARK [1][-]{section.5.48}{\376\377\0005\000.\0004\0008\000\040\000N\000u\000t\000A\000n\000g\000l\000e\000s\000.\000h}{chapter.5}% 186
\BOOKMARK [1][-]{section.5.49}{\376\377\0005\000.\0004\0009\000\040\000N\000u\000t\000M\000a\000t\000r\000i\000x\000.\000h\000\040\000F\000i\000l\000e\000\040\000R\000e\000f\000e\000r\000e\000n\000c\000e}{chapter.5}% 187
\BOOKMARK [2][-]{subsection.5.49.1}{\376\377\0005\000.\0004\0009\000.\0001\000\040\000D\000e\000t\000a\000i\000l\000e\000d\000\040\000D\000e\000s\000c\000r\000i\000p\000t\000i\000o\000n}{section.5.49}% 188
\BOOKMARK [2][-]{subsection.5.49.2}{\376\377\0005\000.\0004\0009\000.\0002\000\040\000F\000u\000n\000c\000t\000i\000o\000n\000\040\000D\000o\000c\000u\000m\000e\000n\000t\000a\000t\000i\000o\000n}{section.5.49}% 189
\BOOKMARK [3][-]{subsubsection.5.49.2.1}{\376\377\0005\000.\0004\0009\000.\0002\000.\0001\000\040\000N\000u\000t\000M\000a\000t\000r\000i\000x\000\050\000\051}{subsection.5.49.2}% 190
\BOOKMARK [1][-]{section.5.50}{\376\377\0005\000.\0005\0000\000\040\000N\000u\000t\000M\000a\000t\000r\000i\000x\000.\000h}{chapter.5}% 191
\BOOKMARK [1][-]{section.5.51}{\376\377\0005\000.\0005\0001\000\040\000P\000o\000l\000e\000M\000a\000t\000r\000i\000x\000.\000h\000\040\000F\000i\000l\000e\000\040\000R\000e\000f\000e\000r\000e\000n\000c\000e}{chapter.5}% 192
\BOOKMARK [2][-]{subsection.5.51.1}{\376\377\0005\000.\0005\0001\000.\0001\000\040\000D\000e\000t\000a\000i\000l\000e\000d\000\040\000D\000e\000s\000c\000r\000i\000p\000t\000i\000o\000n}{section.5.51}% 193
\BOOKMARK [2][-]{subsection.5.51.2}{\376\377\0005\000.\0005\0001\000.\0002\000\040\000F\000u\000n\000c\000t\000i\000o\000n\000\040\000D\000o\000c\000u\000m\000e\000n\000t\000a\000t\000i\000o\000n}{section.5.51}% 194
\BOOKMARK [3][-]{subsubsection.5.51.2.1}{\376\377\0005\000.\0005\0001\000.\0002\000.\0001\000\040\000P\000o\000l\000e\000M\000a\000t\000r\000i\000x\000\050\000\051}{subsection.5.51.2}% 195
\BOOKMARK [1][-]{section.5.52}{\376\377\0005\000.\0005\0002\000\040\000P\000o\000l\000e\000M\000a\000t\000r\000i\000x\000.\000h}{chapter.5}% 196
\BOOKMARK [1][-]{section.5.53}{\376\377\0005\000.\0005\0003\000\040\000P\000o\000s\000i\000t\000i\000o\000n\000.\000h\000\040\000F\000i\000l\000e\000\040\000R\000e\000f\000e\000r\000e\000n\000c\000e}{chapter.5}% 197
\BOOKMARK [2][-]{subsection.5.53.1}{\376\377\0005\000.\0005\0003\000.\0001\000\040\000D\000e\000t\000a\000i\000l\000e\000d\000\040\000D\000e\000s\000c\000r\000i\000p\000t\000i\000o\000n}{section.5.53}% 198
\BOOKMARK [2][-]{subsection.5.53.2}{\376\377\0005\000.\0005\0003\000.\0002\000\040\000F\000u\000n\000c\000t\000i\000o\000n\000\040\000D\000o\000c\000u\000m\000e\000n\000t\000a\000t\000i\000o\000n}{section.5.53}% 199
\BOOKMARK [3][-]{subsubsection.5.53.2.1}{\376\377\0005\000.\0005\0003\000.\0002\000.\0001\000\040\000P\000o\000s\000i\000t\000i\000o\000n\000\050\000\051}{subsection.5.53.2}% 200
\BOOKMARK [1][-]{section.5.54}{\376\377\0005\000.\0005\0004\000\040\000P\000o\000s\000i\000t\000i\000o\000n\000.\000h}{chapter.5}% 201
\BOOKMARK [1][-]{section.5.55}{\376\377\0005\000.\0005\0005\000\040\000P\000r\000e\000c\000M\000a\000t\000r\000i\000x\000.\000h\000\040\000F\000i\000l\000e\000\040\000R\000e\000f\000e\000r\000e\000n\000c\000e}{chapter.5}% 202
\BOOKMARK [2][-]{subsection.5.55.1}{\376\377\0005\000.\0005\0005\000.\0001\000\040\000D\000e\000t\000a\000i\000l\000e\000d\000\040\000D\000e\000s\000c\000r\000i\000p\000t\000i\000o\000n}{section.5.55}% 203
\BOOKMARK [2][-]{subsection.5.55.2}{\376\377\0005\000.\0005\0005\000.\0002\000\040\000F\000u\000n\000c\000t\000i\000o\000n\000\040\000D\000o\000c\000u\000m\000e\000n\000t\000a\000t\000i\000o\000n}{section.5.55}% 204
\BOOKMARK [3][-]{subsubsection.5.55.2.1}{\376\377\0005\000.\0005\0005\000.\0002\000.\0001\000\040\000P\000r\000e\000c\000M\000a\000t\000r\000i\000x\000\050\000\051}{subsection.5.55.2}% 205
\BOOKMARK [1][-]{section.5.56}{\376\377\0005\000.\0005\0006\000\040\000P\000r\000e\000c\000M\000a\000t\000r\000i\000x\000.\000h}{chapter.5}% 206
\BOOKMARK [1][-]{section.5.57}{\376\377\0005\000.\0005\0007\000\040\000R\000\137\000x\000.\000h\000\040\000F\000i\000l\000e\000\040\000R\000e\000f\000e\000r\000e\000n\000c\000e}{chapter.5}% 207
\BOOKMARK [2][-]{subsection.5.57.1}{\376\377\0005\000.\0005\0007\000.\0001\000\040\000D\000e\000t\000a\000i\000l\000e\000d\000\040\000D\000e\000s\000c\000r\000i\000p\000t\000i\000o\000n}{section.5.57}% 208
\BOOKMARK [2][-]{subsection.5.57.2}{\376\377\0005\000.\0005\0007\000.\0002\000\040\000F\000u\000n\000c\000t\000i\000o\000n\000\040\000D\000o\000c\000u\000m\000e\000n\000t\000a\000t\000i\000o\000n}{section.5.57}% 209
\BOOKMARK [3][-]{subsubsection.5.57.2.1}{\376\377\0005\000.\0005\0007\000.\0002\000.\0001\000\040\000R\000\137\000x\000\050\000\051}{subsection.5.57.2}% 210
\BOOKMARK [1][-]{section.5.58}{\376\377\0005\000.\0005\0008\000\040\000R\000\137\000x\000.\000h}{chapter.5}% 211
\BOOKMARK [1][-]{section.5.59}{\376\377\0005\000.\0005\0009\000\040\000R\000\137\000y\000.\000h\000\040\000F\000i\000l\000e\000\040\000R\000e\000f\000e\000r\000e\000n\000c\000e}{chapter.5}% 212
\BOOKMARK [2][-]{subsection.5.59.1}{\376\377\0005\000.\0005\0009\000.\0001\000\040\000D\000e\000t\000a\000i\000l\000e\000d\000\040\000D\000e\000s\000c\000r\000i\000p\000t\000i\000o\000n}{section.5.59}% 213
\BOOKMARK [2][-]{subsection.5.59.2}{\376\377\0005\000.\0005\0009\000.\0002\000\040\000F\000u\000n\000c\000t\000i\000o\000n\000\040\000D\000o\000c\000u\000m\000e\000n\000t\000a\000t\000i\000o\000n}{section.5.59}% 214
\BOOKMARK [3][-]{subsubsection.5.59.2.1}{\376\377\0005\000.\0005\0009\000.\0002\000.\0001\000\040\000R\000\137\000y\000\050\000\051}{subsection.5.59.2}% 215
\BOOKMARK [1][-]{section.5.60}{\376\377\0005\000.\0006\0000\000\040\000R\000\137\000y\000.\000h}{chapter.5}% 216
\BOOKMARK [1][-]{section.5.61}{\376\377\0005\000.\0006\0001\000\040\000R\000\137\000z\000.\000h\000\040\000F\000i\000l\000e\000\040\000R\000e\000f\000e\000r\000e\000n\000c\000e}{chapter.5}% 217
\BOOKMARK [2][-]{subsection.5.61.1}{\376\377\0005\000.\0006\0001\000.\0001\000\040\000D\000e\000t\000a\000i\000l\000e\000d\000\040\000D\000e\000s\000c\000r\000i\000p\000t\000i\000o\000n}{section.5.61}% 218
\BOOKMARK [2][-]{subsection.5.61.2}{\376\377\0005\000.\0006\0001\000.\0002\000\040\000F\000u\000n\000c\000t\000i\000o\000n\000\040\000D\000o\000c\000u\000m\000e\000n\000t\000a\000t\000i\000o\000n}{section.5.61}% 219
\BOOKMARK [3][-]{subsubsection.5.61.2.1}{\376\377\0005\000.\0006\0001\000.\0002\000.\0001\000\040\000R\000\137\000z\000\050\000\051}{subsection.5.61.2}% 220
\BOOKMARK [1][-]{section.5.62}{\376\377\0005\000.\0006\0002\000\040\000R\000\137\000z\000.\000h}{chapter.5}% 221
\BOOKMARK [1][-]{section.5.63}{\376\377\0005\000.\0006\0003\000\040\000S\000A\000T\000\137\000C\000o\000n\000s\000t\000.\000h\000\040\000F\000i\000l\000e\000\040\000R\000e\000f\000e\000r\000e\000n\000c\000e}{chapter.5}% 222
\BOOKMARK [2][-]{subsection.5.63.1}{\376\377\0005\000.\0006\0003\000.\0001\000\040\000D\000e\000t\000a\000i\000l\000e\000d\000\040\000D\000e\000s\000c\000r\000i\000p\000t\000i\000o\000n}{section.5.63}% 223
\BOOKMARK [2][-]{subsection.5.63.2}{\376\377\0005\000.\0006\0003\000.\0002\000\040\000V\000a\000r\000i\000a\000b\000l\000e\000\040\000D\000o\000c\000u\000m\000e\000n\000t\000a\000t\000i\000o\000n}{section.5.63}% 224
\BOOKMARK [3][-]{subsubsection.5.63.2.1}{\376\377\0005\000.\0006\0003\000.\0002\000.\0001\000\040\000A\000r\000c\000s}{subsection.5.63.2}% 225
\BOOKMARK [3][-]{subsubsection.5.63.2.2}{\376\377\0005\000.\0006\0003\000.\0002\000.\0002\000\040\000A\000U}{subsection.5.63.2}% 226
\BOOKMARK [3][-]{subsubsection.5.63.2.3}{\376\377\0005\000.\0006\0003\000.\0002\000.\0003\000\040\000c\000\137\000l\000i\000g\000h\000t}{subsection.5.63.2}% 227
\BOOKMARK [3][-]{subsubsection.5.63.2.4}{\376\377\0005\000.\0006\0003\000.\0002\000.\0004\000\040\000D\000e\000g}{subsection.5.63.2}% 228
\BOOKMARK [3][-]{subsubsection.5.63.2.5}{\376\377\0005\000.\0006\0003\000.\0002\000.\0005\000\040\000e\000p\000s}{subsection.5.63.2}% 229
\BOOKMARK [3][-]{subsubsection.5.63.2.6}{\376\377\0005\000.\0006\0003\000.\0002\000.\0006\000\040\000f\000\137\000E\000a\000r\000t\000h}{subsection.5.63.2}% 230
\BOOKMARK [3][-]{subsubsection.5.63.2.7}{\376\377\0005\000.\0006\0003\000.\0002\000.\0007\000\040\000G\000M\000\137\000E\000a\000r\000t\000h}{subsection.5.63.2}% 231
\BOOKMARK [3][-]{subsubsection.5.63.2.8}{\376\377\0005\000.\0006\0003\000.\0002\000.\0008\000\040\000G\000M\000\137\000J\000u\000p\000i\000t\000e\000r}{subsection.5.63.2}% 232
\BOOKMARK [3][-]{subsubsection.5.63.2.9}{\376\377\0005\000.\0006\0003\000.\0002\000.\0009\000\040\000G\000M\000\137\000M\000a\000r\000s}{subsection.5.63.2}% 233
\BOOKMARK [3][-]{subsubsection.5.63.2.10}{\376\377\0005\000.\0006\0003\000.\0002\000.\0001\0000\000\040\000G\000M\000\137\000M\000e\000r\000c\000u\000r\000y}{subsection.5.63.2}% 234
\BOOKMARK [3][-]{subsubsection.5.63.2.11}{\376\377\0005\000.\0006\0003\000.\0002\000.\0001\0001\000\040\000G\000M\000\137\000M\000o\000o\000n}{subsection.5.63.2}% 235
\BOOKMARK [3][-]{subsubsection.5.63.2.12}{\376\377\0005\000.\0006\0003\000.\0002\000.\0001\0002\000\040\000G\000M\000\137\000N\000e\000p\000t\000u\000n\000e}{subsection.5.63.2}% 236
\BOOKMARK [3][-]{subsubsection.5.63.2.13}{\376\377\0005\000.\0006\0003\000.\0002\000.\0001\0003\000\040\000G\000M\000\137\000P\000l\000u\000t\000o}{subsection.5.63.2}% 237
\BOOKMARK [3][-]{subsubsection.5.63.2.14}{\376\377\0005\000.\0006\0003\000.\0002\000.\0001\0004\000\040\000G\000M\000\137\000S\000a\000t\000u\000r\000n}{subsection.5.63.2}% 238
\BOOKMARK [3][-]{subsubsection.5.63.2.15}{\376\377\0005\000.\0006\0003\000.\0002\000.\0001\0005\000\040\000G\000M\000\137\000S\000u\000n}{subsection.5.63.2}% 239
\BOOKMARK [3][-]{subsubsection.5.63.2.16}{\376\377\0005\000.\0006\0003\000.\0002\000.\0001\0006\000\040\000G\000M\000\137\000U\000r\000a\000n\000u\000s}{subsection.5.63.2}% 240
\BOOKMARK [3][-]{subsubsection.5.63.2.17}{\376\377\0005\000.\0006\0003\000.\0002\000.\0001\0007\000\040\000G\000M\000\137\000V\000e\000n\000u\000s}{subsection.5.63.2}% 241
\BOOKMARK [3][-]{subsubsection.5.63.2.18}{\376\377\0005\000.\0006\0003\000.\0002\000.\0001\0008\000\040\000M\000J\000D\000\137\000J\0002\0000\0000\0000}{subsection.5.63.2}% 242
\BOOKMARK [3][-]{subsubsection.5.63.2.19}{\376\377\0005\000.\0006\0003\000.\0002\000.\0001\0009\000\040\000o\000m\000e\000g\000a\000\137\000E\000a\000r\000t\000h}{subsection.5.63.2}% 243
\BOOKMARK [3][-]{subsubsection.5.63.2.20}{\376\377\0005\000.\0006\0003\000.\0002\000.\0002\0000\000\040\000P\000\137\000S\000o\000l}{subsection.5.63.2}% 244
\BOOKMARK [3][-]{subsubsection.5.63.2.21}{\376\377\0005\000.\0006\0003\000.\0002\000.\0002\0001\000\040\000p\000i}{subsection.5.63.2}% 245
\BOOKMARK [3][-]{subsubsection.5.63.2.22}{\376\377\0005\000.\0006\0003\000.\0002\000.\0002\0002\000\040\000p\000i\0002}{subsection.5.63.2}% 246
\BOOKMARK [3][-]{subsubsection.5.63.2.23}{\376\377\0005\000.\0006\0003\000.\0002\000.\0002\0003\000\040\000R\000\137\000E\000a\000r\000t\000h}{subsection.5.63.2}% 247
\BOOKMARK [3][-]{subsubsection.5.63.2.24}{\376\377\0005\000.\0006\0003\000.\0002\000.\0002\0004\000\040\000R\000\137\000M\000o\000o\000n}{subsection.5.63.2}% 248
\BOOKMARK [3][-]{subsubsection.5.63.2.25}{\376\377\0005\000.\0006\0003\000.\0002\000.\0002\0005\000\040\000R\000\137\000S\000u\000n}{subsection.5.63.2}% 249
\BOOKMARK [3][-]{subsubsection.5.63.2.26}{\376\377\0005\000.\0006\0003\000.\0002\000.\0002\0006\000\040\000R\000a\000d}{subsection.5.63.2}% 250
\BOOKMARK [3][-]{subsubsection.5.63.2.27}{\376\377\0005\000.\0006\0003\000.\0002\000.\0002\0007\000\040\000T\000\137\000B\0001\0009\0005\0000}{subsection.5.63.2}% 251
\BOOKMARK [1][-]{section.5.64}{\376\377\0005\000.\0006\0004\000\040\000S\000A\000T\000\137\000C\000o\000n\000s\000t\000.\000h}{chapter.5}% 252
\BOOKMARK [1][-]{section.5.65}{\376\377\0005\000.\0006\0005\000\040\000s\000i\000g\000n\000\137\000.\000h\000\040\000F\000i\000l\000e\000\040\000R\000e\000f\000e\000r\000e\000n\000c\000e}{chapter.5}% 253
\BOOKMARK [2][-]{subsection.5.65.1}{\376\377\0005\000.\0006\0005\000.\0001\000\040\000D\000e\000t\000a\000i\000l\000e\000d\000\040\000D\000e\000s\000c\000r\000i\000p\000t\000i\000o\000n}{section.5.65}% 254
\BOOKMARK [2][-]{subsection.5.65.2}{\376\377\0005\000.\0006\0005\000.\0002\000\040\000F\000u\000n\000c\000t\000i\000o\000n\000\040\000D\000o\000c\000u\000m\000e\000n\000t\000a\000t\000i\000o\000n}{section.5.65}% 255
\BOOKMARK [3][-]{subsubsection.5.65.2.1}{\376\377\0005\000.\0006\0005\000.\0002\000.\0001\000\040\000s\000i\000g\000n\000\137\000\050\000\051}{subsection.5.65.2}% 256
\BOOKMARK [1][-]{section.5.66}{\376\377\0005\000.\0006\0006\000\040\000s\000i\000g\000n\000\137\000.\000h}{chapter.5}% 257
\BOOKMARK [1][-]{section.5.67}{\376\377\0005\000.\0006\0007\000\040\000t\000i\000m\000e\000d\000i\000f\000f\000.\000h\000\040\000F\000i\000l\000e\000\040\000R\000e\000f\000e\000r\000e\000n\000c\000e}{chapter.5}% 258
\BOOKMARK [2][-]{subsection.5.67.1}{\376\377\0005\000.\0006\0007\000.\0001\000\040\000D\000e\000t\000a\000i\000l\000e\000d\000\040\000D\000e\000s\000c\000r\000i\000p\000t\000i\000o\000n}{section.5.67}% 259
\BOOKMARK [2][-]{subsection.5.67.2}{\376\377\0005\000.\0006\0007\000.\0002\000\040\000F\000u\000n\000c\000t\000i\000o\000n\000\040\000D\000o\000c\000u\000m\000e\000n\000t\000a\000t\000i\000o\000n}{section.5.67}% 260
\BOOKMARK [3][-]{subsubsection.5.67.2.1}{\376\377\0005\000.\0006\0007\000.\0002\000.\0001\000\040\000t\000i\000m\000e\000d\000i\000f\000f\000\050\000\051}{subsection.5.67.2}% 261
\BOOKMARK [1][-]{section.5.68}{\376\377\0005\000.\0006\0008\000\040\000t\000i\000m\000e\000d\000i\000f\000f\000.\000h}{chapter.5}% 262
\BOOKMARK [1][-]{section.5.69}{\376\377\0005\000.\0006\0009\000\040\000T\000i\000m\000e\000U\000p\000d\000a\000t\000e\000.\000h\000\040\000F\000i\000l\000e\000\040\000R\000e\000f\000e\000r\000e\000n\000c\000e}{chapter.5}% 263
\BOOKMARK [2][-]{subsection.5.69.1}{\376\377\0005\000.\0006\0009\000.\0001\000\040\000D\000e\000t\000a\000i\000l\000e\000d\000\040\000D\000e\000s\000c\000r\000i\000p\000t\000i\000o\000n}{section.5.69}% 264
\BOOKMARK [2][-]{subsection.5.69.2}{\376\377\0005\000.\0006\0009\000.\0002\000\040\000F\000u\000n\000c\000t\000i\000o\000n\000\040\000D\000o\000c\000u\000m\000e\000n\000t\000a\000t\000i\000o\000n}{section.5.69}% 265
\BOOKMARK [3][-]{subsubsection.5.69.2.1}{\376\377\0005\000.\0006\0009\000.\0002\000.\0001\000\040\000T\000i\000m\000e\000U\000p\000d\000a\000t\000e\000\050\000\051\000\040\000[\0001\000/\0002\000]}{subsection.5.69.2}% 266
\BOOKMARK [3][-]{subsubsection.5.69.2.2}{\376\377\0005\000.\0006\0009\000.\0002\000.\0002\000\040\000T\000i\000m\000e\000U\000p\000d\000a\000t\000e\000\050\000\051\000\040\000[\0002\000/\0002\000]}{subsection.5.69.2}% 267
\BOOKMARK [1][-]{section.5.70}{\376\377\0005\000.\0007\0000\000\040\000T\000i\000m\000e\000U\000p\000d\000a\000t\000e\000.\000h}{chapter.5}% 268
\BOOKMARK [1][-]{section.5.71}{\376\377\0005\000.\0007\0001\000\040\000V\000a\000r\000E\000q\000n\000.\000h\000\040\000F\000i\000l\000e\000\040\000R\000e\000f\000e\000r\000e\000n\000c\000e}{chapter.5}% 269
\BOOKMARK [2][-]{subsection.5.71.1}{\376\377\0005\000.\0007\0001\000.\0001\000\040\000D\000e\000t\000a\000i\000l\000e\000d\000\040\000D\000e\000s\000c\000r\000i\000p\000t\000i\000o\000n}{section.5.71}% 270
\BOOKMARK [2][-]{subsection.5.71.2}{\376\377\0005\000.\0007\0001\000.\0002\000\040\000F\000u\000n\000c\000t\000i\000o\000n\000\040\000D\000o\000c\000u\000m\000e\000n\000t\000a\000t\000i\000o\000n}{section.5.71}% 271
\BOOKMARK [3][-]{subsubsection.5.71.2.1}{\376\377\0005\000.\0007\0001\000.\0002\000.\0001\000\040\000V\000a\000r\000E\000q\000n\000\050\000\051}{subsection.5.71.2}% 272
\BOOKMARK [1][-]{section.5.72}{\376\377\0005\000.\0007\0002\000\040\000V\000a\000r\000E\000q\000n\000.\000h}{chapter.5}% 273
\BOOKMARK [1][-]{section.5.73}{\376\377\0005\000.\0007\0003\000\040\000A\000c\000c\000e\000l\000.\000c\000p\000p\000\040\000F\000i\000l\000e\000\040\000R\000e\000f\000e\000r\000e\000n\000c\000e}{chapter.5}% 274
\BOOKMARK [2][-]{subsection.5.73.1}{\376\377\0005\000.\0007\0003\000.\0001\000\040\000D\000e\000t\000a\000i\000l\000e\000d\000\040\000D\000e\000s\000c\000r\000i\000p\000t\000i\000o\000n}{section.5.73}% 275
\BOOKMARK [2][-]{subsection.5.73.2}{\376\377\0005\000.\0007\0003\000.\0002\000\040\000F\000u\000n\000c\000t\000i\000o\000n\000\040\000D\000o\000c\000u\000m\000e\000n\000t\000a\000t\000i\000o\000n}{section.5.73}% 276
\BOOKMARK [3][-]{subsubsection.5.73.2.1}{\376\377\0005\000.\0007\0003\000.\0002\000.\0001\000\040\000A\000c\000c\000e\000l\000\050\000\051}{subsection.5.73.2}% 277
\BOOKMARK [1][-]{section.5.74}{\376\377\0005\000.\0007\0004\000\040\000A\000c\000c\000e\000l\000.\000c\000p\000p}{chapter.5}% 278
\BOOKMARK [1][-]{section.5.75}{\376\377\0005\000.\0007\0005\000\040\000A\000c\000c\000e\000l\000H\000a\000r\000m\000o\000n\000i\000c\000.\000c\000p\000p\000\040\000F\000i\000l\000e\000\040\000R\000e\000f\000e\000r\000e\000n\000c\000e}{chapter.5}% 279
\BOOKMARK [2][-]{subsection.5.75.1}{\376\377\0005\000.\0007\0005\000.\0001\000\040\000D\000e\000t\000a\000i\000l\000e\000d\000\040\000D\000e\000s\000c\000r\000i\000p\000t\000i\000o\000n}{section.5.75}% 280
\BOOKMARK [2][-]{subsection.5.75.2}{\376\377\0005\000.\0007\0005\000.\0002\000\040\000F\000u\000n\000c\000t\000i\000o\000n\000\040\000D\000o\000c\000u\000m\000e\000n\000t\000a\000t\000i\000o\000n}{section.5.75}% 281
\BOOKMARK [3][-]{subsubsection.5.75.2.1}{\376\377\0005\000.\0007\0005\000.\0002\000.\0001\000\040\000A\000c\000c\000e\000l\000H\000a\000r\000m\000o\000n\000i\000c\000\050\000\051}{subsection.5.75.2}% 282
\BOOKMARK [1][-]{section.5.76}{\376\377\0005\000.\0007\0006\000\040\000A\000c\000c\000e\000l\000H\000a\000r\000m\000o\000n\000i\000c\000.\000c\000p\000p}{chapter.5}% 283
\BOOKMARK [1][-]{section.5.77}{\376\377\0005\000.\0007\0007\000\040\000A\000c\000c\000e\000l\000P\000o\000i\000n\000t\000M\000a\000s\000s\000.\000c\000p\000p\000\040\000F\000i\000l\000e\000\040\000R\000e\000f\000e\000r\000e\000n\000c\000e}{chapter.5}% 284
\BOOKMARK [2][-]{subsection.5.77.1}{\376\377\0005\000.\0007\0007\000.\0001\000\040\000D\000e\000t\000a\000i\000l\000e\000d\000\040\000D\000e\000s\000c\000r\000i\000p\000t\000i\000o\000n}{section.5.77}% 285
\BOOKMARK [2][-]{subsection.5.77.2}{\376\377\0005\000.\0007\0007\000.\0002\000\040\000F\000u\000n\000c\000t\000i\000o\000n\000\040\000D\000o\000c\000u\000m\000e\000n\000t\000a\000t\000i\000o\000n}{section.5.77}% 286
\BOOKMARK [3][-]{subsubsection.5.77.2.1}{\376\377\0005\000.\0007\0007\000.\0002\000.\0001\000\040\000A\000c\000c\000e\000l\000P\000o\000i\000n\000t\000M\000a\000s\000s\000\050\000\051}{subsection.5.77.2}% 287
\BOOKMARK [1][-]{section.5.78}{\376\377\0005\000.\0007\0008\000\040\000A\000c\000c\000e\000l\000P\000o\000i\000n\000t\000M\000a\000s\000s\000.\000c\000p\000p}{chapter.5}% 288
\BOOKMARK [1][-]{section.5.79}{\376\377\0005\000.\0007\0009\000\040\000A\000z\000E\000l\000P\000a\000.\000c\000p\000p\000\040\000F\000i\000l\000e\000\040\000R\000e\000f\000e\000r\000e\000n\000c\000e}{chapter.5}% 289
\BOOKMARK [2][-]{subsection.5.79.1}{\376\377\0005\000.\0007\0009\000.\0001\000\040\000D\000e\000t\000a\000i\000l\000e\000d\000\040\000D\000e\000s\000c\000r\000i\000p\000t\000i\000o\000n}{section.5.79}% 290
\BOOKMARK [2][-]{subsection.5.79.2}{\376\377\0005\000.\0007\0009\000.\0002\000\040\000F\000u\000n\000c\000t\000i\000o\000n\000\040\000D\000o\000c\000u\000m\000e\000n\000t\000a\000t\000i\000o\000n}{section.5.79}% 291
\BOOKMARK [3][-]{subsubsection.5.79.2.1}{\376\377\0005\000.\0007\0009\000.\0002\000.\0001\000\040\000A\000z\000E\000l\000P\000a\000\050\000\051}{subsection.5.79.2}% 292
\BOOKMARK [1][-]{section.5.80}{\376\377\0005\000.\0008\0000\000\040\000A\000z\000E\000l\000P\000a\000.\000c\000p\000p}{chapter.5}% 293
\BOOKMARK [1][-]{section.5.81}{\376\377\0005\000.\0008\0001\000\040\000C\000h\000e\000b\0003\000D\000.\000c\000p\000p\000\040\000F\000i\000l\000e\000\040\000R\000e\000f\000e\000r\000e\000n\000c\000e}{chapter.5}% 294
\BOOKMARK [2][-]{subsection.5.81.1}{\376\377\0005\000.\0008\0001\000.\0001\000\040\000D\000e\000t\000a\000i\000l\000e\000d\000\040\000D\000e\000s\000c\000r\000i\000p\000t\000i\000o\000n}{section.5.81}% 295
\BOOKMARK [2][-]{subsection.5.81.2}{\376\377\0005\000.\0008\0001\000.\0002\000\040\000F\000u\000n\000c\000t\000i\000o\000n\000\040\000D\000o\000c\000u\000m\000e\000n\000t\000a\000t\000i\000o\000n}{section.5.81}% 296
\BOOKMARK [3][-]{subsubsection.5.81.2.1}{\376\377\0005\000.\0008\0001\000.\0002\000.\0001\000\040\000C\000h\000e\000b\0003\000D\000\050\000\051}{subsection.5.81.2}% 297
\BOOKMARK [1][-]{section.5.82}{\376\377\0005\000.\0008\0002\000\040\000C\000h\000e\000b\0003\000D\000.\000c\000p\000p}{chapter.5}% 298
\BOOKMARK [1][-]{section.5.83}{\376\377\0005\000.\0008\0003\000\040\000D\000E\000I\000n\000t\000e\000g\000.\000c\000p\000p\000\040\000F\000i\000l\000e\000\040\000R\000e\000f\000e\000r\000e\000n\000c\000e}{chapter.5}% 299
\BOOKMARK [2][-]{subsection.5.83.1}{\376\377\0005\000.\0008\0003\000.\0001\000\040\000D\000e\000t\000a\000i\000l\000e\000d\000\040\000D\000e\000s\000c\000r\000i\000p\000t\000i\000o\000n}{section.5.83}% 300
\BOOKMARK [2][-]{subsection.5.83.2}{\376\377\0005\000.\0008\0003\000.\0002\000\040\000F\000u\000n\000c\000t\000i\000o\000n\000\040\000D\000o\000c\000u\000m\000e\000n\000t\000a\000t\000i\000o\000n}{section.5.83}% 301
\BOOKMARK [3][-]{subsubsection.5.83.2.1}{\376\377\0005\000.\0008\0003\000.\0002\000.\0001\000\040\000D\000E\000I\000n\000t\000e\000g\000\050\000\051}{subsection.5.83.2}% 302
\BOOKMARK [1][-]{section.5.84}{\376\377\0005\000.\0008\0004\000\040\000D\000E\000I\000n\000t\000e\000g\000.\000c\000p\000p}{chapter.5}% 303
\BOOKMARK [1][-]{section.5.85}{\376\377\0005\000.\0008\0005\000\040\000E\000c\000c\000A\000n\000o\000m\000.\000c\000p\000p\000\040\000F\000i\000l\000e\000\040\000R\000e\000f\000e\000r\000e\000n\000c\000e}{chapter.5}% 304
\BOOKMARK [2][-]{subsection.5.85.1}{\376\377\0005\000.\0008\0005\000.\0001\000\040\000D\000e\000t\000a\000i\000l\000e\000d\000\040\000D\000e\000s\000c\000r\000i\000p\000t\000i\000o\000n}{section.5.85}% 305
\BOOKMARK [2][-]{subsection.5.85.2}{\376\377\0005\000.\0008\0005\000.\0002\000\040\000F\000u\000n\000c\000t\000i\000o\000n\000\040\000D\000o\000c\000u\000m\000e\000n\000t\000a\000t\000i\000o\000n}{section.5.85}% 306
\BOOKMARK [3][-]{subsubsection.5.85.2.1}{\376\377\0005\000.\0008\0005\000.\0002\000.\0001\000\040\000E\000c\000c\000A\000n\000o\000m\000\050\000\051}{subsection.5.85.2}% 307
\BOOKMARK [1][-]{section.5.86}{\376\377\0005\000.\0008\0006\000\040\000E\000c\000c\000A\000n\000o\000m\000.\000c\000p\000p}{chapter.5}% 308
\BOOKMARK [1][-]{section.5.87}{\376\377\0005\000.\0008\0007\000\040\000E\000q\000n\000E\000q\000u\000i\000n\000o\000x\000.\000c\000p\000p\000\040\000F\000i\000l\000e\000\040\000R\000e\000f\000e\000r\000e\000n\000c\000e}{chapter.5}% 309
\BOOKMARK [2][-]{subsection.5.87.1}{\376\377\0005\000.\0008\0007\000.\0001\000\040\000D\000e\000t\000a\000i\000l\000e\000d\000\040\000D\000e\000s\000c\000r\000i\000p\000t\000i\000o\000n}{section.5.87}% 310
\BOOKMARK [2][-]{subsection.5.87.2}{\376\377\0005\000.\0008\0007\000.\0002\000\040\000F\000u\000n\000c\000t\000i\000o\000n\000\040\000D\000o\000c\000u\000m\000e\000n\000t\000a\000t\000i\000o\000n}{section.5.87}% 311
\BOOKMARK [3][-]{subsubsection.5.87.2.1}{\376\377\0005\000.\0008\0007\000.\0002\000.\0001\000\040\000E\000q\000n\000E\000q\000u\000i\000n\000o\000x\000\050\000\051}{subsection.5.87.2}% 312
\BOOKMARK [1][-]{section.5.88}{\376\377\0005\000.\0008\0008\000\040\000E\000q\000n\000E\000q\000u\000i\000n\000o\000x\000.\000c\000p\000p}{chapter.5}% 313
\BOOKMARK [1][-]{section.5.89}{\376\377\0005\000.\0008\0009\000\040\000F\000r\000a\000c\000.\000c\000p\000p\000\040\000F\000i\000l\000e\000\040\000R\000e\000f\000e\000r\000e\000n\000c\000e}{chapter.5}% 314
\BOOKMARK [2][-]{subsection.5.89.1}{\376\377\0005\000.\0008\0009\000.\0001\000\040\000D\000e\000t\000a\000i\000l\000e\000d\000\040\000D\000e\000s\000c\000r\000i\000p\000t\000i\000o\000n}{section.5.89}% 315
\BOOKMARK [2][-]{subsection.5.89.2}{\376\377\0005\000.\0008\0009\000.\0002\000\040\000F\000u\000n\000c\000t\000i\000o\000n\000\040\000D\000o\000c\000u\000m\000e\000n\000t\000a\000t\000i\000o\000n}{section.5.89}% 316
\BOOKMARK [3][-]{subsubsection.5.89.2.1}{\376\377\0005\000.\0008\0009\000.\0002\000.\0001\000\040\000F\000r\000a\000c\000\050\000\051}{subsection.5.89.2}% 317
\BOOKMARK [1][-]{section.5.90}{\376\377\0005\000.\0009\0000\000\040\000F\000r\000a\000c\000.\000c\000p\000p}{chapter.5}% 318
\BOOKMARK [1][-]{section.5.91}{\376\377\0005\000.\0009\0001\000\040\000G\000\137\000A\000c\000c\000e\000l\000H\000a\000r\000m\000o\000n\000i\000c\000.\000c\000p\000p\000\040\000F\000i\000l\000e\000\040\000R\000e\000f\000e\000r\000e\000n\000c\000e}{chapter.5}% 319
\BOOKMARK [2][-]{subsection.5.91.1}{\376\377\0005\000.\0009\0001\000.\0001\000\040\000D\000e\000t\000a\000i\000l\000e\000d\000\040\000D\000e\000s\000c\000r\000i\000p\000t\000i\000o\000n}{section.5.91}% 320
\BOOKMARK [2][-]{subsection.5.91.2}{\376\377\0005\000.\0009\0001\000.\0002\000\040\000F\000u\000n\000c\000t\000i\000o\000n\000\040\000D\000o\000c\000u\000m\000e\000n\000t\000a\000t\000i\000o\000n}{section.5.91}% 321
\BOOKMARK [3][-]{subsubsection.5.91.2.1}{\376\377\0005\000.\0009\0001\000.\0002\000.\0001\000\040\000G\000\137\000A\000c\000c\000e\000l\000H\000a\000r\000m\000o\000n\000i\000c\000\050\000\051}{subsection.5.91.2}% 322
\BOOKMARK [1][-]{section.5.92}{\376\377\0005\000.\0009\0002\000\040\000G\000\137\000A\000c\000c\000e\000l\000H\000a\000r\000m\000o\000n\000i\000c\000.\000c\000p\000p}{chapter.5}% 323
\BOOKMARK [1][-]{section.5.93}{\376\377\0005\000.\0009\0003\000\040\000g\000a\000s\000t\000.\000c\000p\000p\000\040\000F\000i\000l\000e\000\040\000R\000e\000f\000e\000r\000e\000n\000c\000e}{chapter.5}% 324
\BOOKMARK [2][-]{subsection.5.93.1}{\376\377\0005\000.\0009\0003\000.\0001\000\040\000D\000e\000t\000a\000i\000l\000e\000d\000\040\000D\000e\000s\000c\000r\000i\000p\000t\000i\000o\000n}{section.5.93}% 325
\BOOKMARK [2][-]{subsection.5.93.2}{\376\377\0005\000.\0009\0003\000.\0002\000\040\000F\000u\000n\000c\000t\000i\000o\000n\000\040\000D\000o\000c\000u\000m\000e\000n\000t\000a\000t\000i\000o\000n}{section.5.93}% 326
\BOOKMARK [3][-]{subsubsection.5.93.2.1}{\376\377\0005\000.\0009\0003\000.\0002\000.\0001\000\040\000g\000a\000s\000t\000\050\000\051}{subsection.5.93.2}% 327
\BOOKMARK [1][-]{section.5.94}{\376\377\0005\000.\0009\0004\000\040\000g\000a\000s\000t\000.\000c\000p\000p}{chapter.5}% 328
\BOOKMARK [1][-]{section.5.95}{\376\377\0005\000.\0009\0005\000\040\000G\000H\000A\000M\000a\000t\000r\000i\000x\000.\000c\000p\000p\000\040\000F\000i\000l\000e\000\040\000R\000e\000f\000e\000r\000e\000n\000c\000e}{chapter.5}% 329
\BOOKMARK [2][-]{subsection.5.95.1}{\376\377\0005\000.\0009\0005\000.\0001\000\040\000D\000e\000t\000a\000i\000l\000e\000d\000\040\000D\000e\000s\000c\000r\000i\000p\000t\000i\000o\000n}{section.5.95}% 330
\BOOKMARK [2][-]{subsection.5.95.2}{\376\377\0005\000.\0009\0005\000.\0002\000\040\000F\000u\000n\000c\000t\000i\000o\000n\000\040\000D\000o\000c\000u\000m\000e\000n\000t\000a\000t\000i\000o\000n}{section.5.95}% 331
\BOOKMARK [3][-]{subsubsection.5.95.2.1}{\376\377\0005\000.\0009\0005\000.\0002\000.\0001\000\040\000G\000H\000A\000M\000a\000t\000r\000i\000x\000\050\000\051}{subsection.5.95.2}% 332
\BOOKMARK [1][-]{section.5.96}{\376\377\0005\000.\0009\0006\000\040\000G\000H\000A\000M\000a\000t\000r\000i\000x\000.\000c\000p\000p}{chapter.5}% 333
\BOOKMARK [1][-]{section.5.97}{\376\377\0005\000.\0009\0007\000\040\000G\000L\000O\000B\000A\000L\000.\000c\000p\000p\000\040\000F\000i\000l\000e\000\040\000R\000e\000f\000e\000r\000e\000n\000c\000e}{chapter.5}% 334
\BOOKMARK [2][-]{subsection.5.97.1}{\376\377\0005\000.\0009\0007\000.\0001\000\040\000D\000e\000t\000a\000i\000l\000e\000d\000\040\000D\000e\000s\000c\000r\000i\000p\000t\000i\000o\000n}{section.5.97}% 335
\BOOKMARK [2][-]{subsection.5.97.2}{\376\377\0005\000.\0009\0007\000.\0002\000\040\000F\000u\000n\000c\000t\000i\000o\000n\000\040\000D\000o\000c\000u\000m\000e\000n\000t\000a\000t\000i\000o\000n}{section.5.97}% 336
\BOOKMARK [3][-]{subsubsection.5.97.2.1}{\376\377\0005\000.\0009\0007\000.\0002\000.\0001\000\040\000A\000u\000x\000P\000a\000r\000a\000m\000L\000o\000a\000d\000\050\000\051}{subsection.5.97.2}% 337
\BOOKMARK [3][-]{subsubsection.5.97.2.2}{\376\377\0005\000.\0009\0007\000.\0002\000.\0002\000\040\000D\000E\0004\0003\0000\000C\000o\000e\000f\000f\000\050\000\051}{subsection.5.97.2}% 338
\BOOKMARK [3][-]{subsubsection.5.97.2.3}{\376\377\0005\000.\0009\0007\000.\0002\000.\0003\000\040\000e\000o\000p\0001\0009\0006\0002\0000\0001\0000\0001\000\050\000\051}{subsection.5.97.2}% 339
\BOOKMARK [3][-]{subsubsection.5.97.2.4}{\376\377\0005\000.\0009\0007\000.\0002\000.\0004\000\040\000G\000E\000O\000S\0003\000\050\000\051}{subsection.5.97.2}% 340
\BOOKMARK [3][-]{subsubsection.5.97.2.5}{\376\377\0005\000.\0009\0007\000.\0002\000.\0005\000\040\000G\000G\000M\0000\0003\000S\000\050\000\051}{subsection.5.97.2}% 341
\BOOKMARK [2][-]{subsection.5.97.3}{\376\377\0005\000.\0009\0007\000.\0003\000\040\000V\000a\000r\000i\000a\000b\000l\000e\000\040\000D\000o\000c\000u\000m\000e\000n\000t\000a\000t\000i\000o\000n}{section.5.97}% 342
\BOOKMARK [3][-]{subsubsection.5.97.3.1}{\376\377\0005\000.\0009\0007\000.\0003\000.\0001\000\040\000A\000u\000x\000P\000a\000r\000a\000m}{subsection.5.97.3}% 343
\BOOKMARK [3][-]{subsubsection.5.97.3.2}{\376\377\0005\000.\0009\0007\000.\0003\000.\0002\000\040\000C\000n\000m}{subsection.5.97.3}% 344
\BOOKMARK [3][-]{subsubsection.5.97.3.3}{\376\377\0005\000.\0009\0007\000.\0003\000.\0003\000\040\000e\000o\000p\000d\000a\000t\000a}{subsection.5.97.3}% 345
\BOOKMARK [3][-]{subsubsection.5.97.3.4}{\376\377\0005\000.\0009\0007\000.\0003\000.\0004\000\040\000o\000b\000s}{subsection.5.97.3}% 346
\BOOKMARK [3][-]{subsubsection.5.97.3.5}{\376\377\0005\000.\0009\0007\000.\0003\000.\0005\000\040\000P\000C}{subsection.5.97.3}% 347
\BOOKMARK [3][-]{subsubsection.5.97.3.6}{\376\377\0005\000.\0009\0007\000.\0003\000.\0006\000\040\000S\000n\000m}{subsection.5.97.3}% 348
\BOOKMARK [1][-]{section.5.98}{\376\377\0005\000.\0009\0008\000\040\000G\000L\000O\000B\000A\000L\000.\000c\000p\000p}{chapter.5}% 349
\BOOKMARK [1][-]{section.5.99}{\376\377\0005\000.\0009\0009\000\040\000g\000m\000s\000t\000.\000c\000p\000p\000\040\000F\000i\000l\000e\000\040\000R\000e\000f\000e\000r\000e\000n\000c\000e}{chapter.5}% 350
\BOOKMARK [2][-]{subsection.5.99.1}{\376\377\0005\000.\0009\0009\000.\0001\000\040\000D\000e\000t\000a\000i\000l\000e\000d\000\040\000D\000e\000s\000c\000r\000i\000p\000t\000i\000o\000n}{section.5.99}% 351
\BOOKMARK [2][-]{subsection.5.99.2}{\376\377\0005\000.\0009\0009\000.\0002\000\040\000F\000u\000n\000c\000t\000i\000o\000n\000\040\000D\000o\000c\000u\000m\000e\000n\000t\000a\000t\000i\000o\000n}{section.5.99}% 352
\BOOKMARK [3][-]{subsubsection.5.99.2.1}{\376\377\0005\000.\0009\0009\000.\0002\000.\0001\000\040\000g\000m\000s\000t\000\050\000\051}{subsection.5.99.2}% 353
\BOOKMARK [1][-]{section.5.100}{\376\377\0005\000.\0001\0000\0000\000\040\000g\000m\000s\000t\000.\000c\000p\000p}{chapter.5}% 354
\BOOKMARK [1][-]{section.5.101}{\376\377\0005\000.\0001\0000\0001\000\040\000I\000E\000R\000S\000.\000c\000p\000p\000\040\000F\000i\000l\000e\000\040\000R\000e\000f\000e\000r\000e\000n\000c\000e}{chapter.5}% 355
\BOOKMARK [2][-]{subsection.5.101.1}{\376\377\0005\000.\0001\0000\0001\000.\0001\000\040\000D\000e\000t\000a\000i\000l\000e\000d\000\040\000D\000e\000s\000c\000r\000i\000p\000t\000i\000o\000n}{section.5.101}% 356
\BOOKMARK [2][-]{subsection.5.101.2}{\376\377\0005\000.\0001\0000\0001\000.\0002\000\040\000F\000u\000n\000c\000t\000i\000o\000n\000\040\000D\000o\000c\000u\000m\000e\000n\000t\000a\000t\000i\000o\000n}{section.5.101}% 357
\BOOKMARK [3][-]{subsubsection.5.101.2.1}{\376\377\0005\000.\0001\0000\0001\000.\0002\000.\0001\000\040\000I\000E\000R\000S\000\050\000\051}{subsection.5.101.2}% 358
\BOOKMARK [1][-]{section.5.102}{\376\377\0005\000.\0001\0000\0002\000\040\000I\000E\000R\000S\000.\000c\000p\000p}{chapter.5}% 359
\BOOKMARK [1][-]{section.5.103}{\376\377\0005\000.\0001\0000\0003\000\040\000J\000P\000L\000\137\000E\000p\000h\000\137\000D\000E\0004\0003\0000\000.\000c\000p\000p\000\040\000F\000i\000l\000e\000\040\000R\000e\000f\000e\000r\000e\000n\000c\000e}{chapter.5}% 360
\BOOKMARK [2][-]{subsection.5.103.1}{\376\377\0005\000.\0001\0000\0003\000.\0001\000\040\000D\000e\000t\000a\000i\000l\000e\000d\000\040\000D\000e\000s\000c\000r\000i\000p\000t\000i\000o\000n}{section.5.103}% 361
\BOOKMARK [2][-]{subsection.5.103.2}{\376\377\0005\000.\0001\0000\0003\000.\0002\000\040\000F\000u\000n\000c\000t\000i\000o\000n\000\040\000D\000o\000c\000u\000m\000e\000n\000t\000a\000t\000i\000o\000n}{section.5.103}% 362
\BOOKMARK [3][-]{subsubsection.5.103.2.1}{\376\377\0005\000.\0001\0000\0003\000.\0002\000.\0001\000\040\000J\000P\000L\000\137\000E\000p\000h\000\137\000D\000E\0004\0003\0000\000\050\000\051}{subsection.5.103.2}% 363
\BOOKMARK [1][-]{section.5.104}{\376\377\0005\000.\0001\0000\0004\000\040\000J\000P\000L\000\137\000E\000p\000h\000\137\000D\000E\0004\0003\0000\000.\000c\000p\000p}{chapter.5}% 364
\BOOKMARK [1][-]{section.5.105}{\376\377\0005\000.\0001\0000\0005\000\040\000L\000e\000g\000e\000n\000d\000r\000e\000.\000c\000p\000p\000\040\000F\000i\000l\000e\000\040\000R\000e\000f\000e\000r\000e\000n\000c\000e}{chapter.5}% 365
\BOOKMARK [2][-]{subsection.5.105.1}{\376\377\0005\000.\0001\0000\0005\000.\0001\000\040\000D\000e\000t\000a\000i\000l\000e\000d\000\040\000D\000e\000s\000c\000r\000i\000p\000t\000i\000o\000n}{section.5.105}% 366
\BOOKMARK [2][-]{subsection.5.105.2}{\376\377\0005\000.\0001\0000\0005\000.\0002\000\040\000F\000u\000n\000c\000t\000i\000o\000n\000\040\000D\000o\000c\000u\000m\000e\000n\000t\000a\000t\000i\000o\000n}{section.5.105}% 367
\BOOKMARK [3][-]{subsubsection.5.105.2.1}{\376\377\0005\000.\0001\0000\0005\000.\0002\000.\0001\000\040\000L\000e\000g\000e\000n\000d\000r\000e\000\050\000\051}{subsection.5.105.2}% 368
\BOOKMARK [1][-]{section.5.106}{\376\377\0005\000.\0001\0000\0006\000\040\000L\000e\000g\000e\000n\000d\000r\000e\000.\000c\000p\000p}{chapter.5}% 369
\BOOKMARK [1][-]{section.5.107}{\376\377\0005\000.\0001\0000\0007\000\040\000L\000T\000C\000.\000c\000p\000p\000\040\000F\000i\000l\000e\000\040\000R\000e\000f\000e\000r\000e\000n\000c\000e}{chapter.5}% 370
\BOOKMARK [2][-]{subsection.5.107.1}{\376\377\0005\000.\0001\0000\0007\000.\0001\000\040\000D\000e\000t\000a\000i\000l\000e\000d\000\040\000D\000e\000s\000c\000r\000i\000p\000t\000i\000o\000n}{section.5.107}% 371
\BOOKMARK [2][-]{subsection.5.107.2}{\376\377\0005\000.\0001\0000\0007\000.\0002\000\040\000F\000u\000n\000c\000t\000i\000o\000n\000\040\000D\000o\000c\000u\000m\000e\000n\000t\000a\000t\000i\000o\000n}{section.5.107}% 372
\BOOKMARK [3][-]{subsubsection.5.107.2.1}{\376\377\0005\000.\0001\0000\0007\000.\0002\000.\0001\000\040\000L\000T\000C\000\050\000\051}{subsection.5.107.2}% 373
\BOOKMARK [1][-]{section.5.108}{\376\377\0005\000.\0001\0000\0008\000\040\000L\000T\000C\000.\000c\000p\000p}{chapter.5}% 374
\BOOKMARK [1][-]{section.5.109}{\376\377\0005\000.\0001\0000\0009\000\040\000m\000a\000t\000r\000i\000x\000.\000c\000p\000p\000\040\000F\000i\000l\000e\000\040\000R\000e\000f\000e\000r\000e\000n\000c\000e}{chapter.5}% 375
\BOOKMARK [2][-]{subsection.5.109.1}{\376\377\0005\000.\0001\0000\0009\000.\0001\000\040\000D\000e\000t\000a\000i\000l\000e\000d\000\040\000D\000e\000s\000c\000r\000i\000p\000t\000i\000o\000n}{section.5.109}% 376
\BOOKMARK [2][-]{subsection.5.109.2}{\376\377\0005\000.\0001\0000\0009\000.\0002\000\040\000F\000u\000n\000c\000t\000i\000o\000n\000\040\000D\000o\000c\000u\000m\000e\000n\000t\000a\000t\000i\000o\000n}{section.5.109}% 377
\BOOKMARK [3][-]{subsubsection.5.109.2.1}{\376\377\0005\000.\0001\0000\0009\000.\0002\000.\0001\000\040\000a\000s\000s\000i\000g\000n\000\137\000c\000o\000l\000u\000m\000n\000\050\000\051}{subsection.5.109.2}% 378
\BOOKMARK [3][-]{subsubsection.5.109.2.2}{\376\377\0005\000.\0001\0000\0009\000.\0002\000.\0002\000\040\000a\000s\000s\000i\000g\000n\000\137\000r\000o\000w\000\050\000\051}{subsection.5.109.2}% 379
\BOOKMARK [3][-]{subsubsection.5.109.2.3}{\376\377\0005\000.\0001\0000\0009\000.\0002\000.\0003\000\040\000c\000r\000o\000s\000s\000\050\000\051}{subsection.5.109.2}% 380
\BOOKMARK [3][-]{subsubsection.5.109.2.4}{\376\377\0005\000.\0001\0000\0009\000.\0002\000.\0004\000\040\000d\000o\000t\000\050\000\051}{subsection.5.109.2}% 381
\BOOKMARK [3][-]{subsubsection.5.109.2.5}{\376\377\0005\000.\0001\0000\0009\000.\0002\000.\0005\000\040\000e\000x\000t\000r\000a\000c\000t\000\137\000c\000o\000l\000u\000m\000n\000\050\000\051}{subsection.5.109.2}% 382
\BOOKMARK [3][-]{subsubsection.5.109.2.6}{\376\377\0005\000.\0001\0000\0009\000.\0002\000.\0006\000\040\000e\000x\000t\000r\000a\000c\000t\000\137\000r\000o\000w\000\050\000\051}{subsection.5.109.2}% 383
\BOOKMARK [3][-]{subsubsection.5.109.2.7}{\376\377\0005\000.\0001\0000\0009\000.\0002\000.\0007\000\040\000e\000x\000t\000r\000a\000c\000t\000\137\000v\000e\000c\000t\000o\000r\000\050\000\051}{subsection.5.109.2}% 384
\BOOKMARK [3][-]{subsubsection.5.109.2.8}{\376\377\0005\000.\0001\0000\0009\000.\0002\000.\0008\000\040\000e\000y\000e\000\050\000\051}{subsection.5.109.2}% 385
\BOOKMARK [3][-]{subsubsection.5.109.2.9}{\376\377\0005\000.\0001\0000\0009\000.\0002\000.\0009\000\040\000i\000n\000v\000\050\000\051}{subsection.5.109.2}% 386
\BOOKMARK [3][-]{subsubsection.5.109.2.10}{\376\377\0005\000.\0001\0000\0009\000.\0002\000.\0001\0000\000\040\000n\000o\000r\000m\000\050\000\051}{subsection.5.109.2}% 387
\BOOKMARK [3][-]{subsubsection.5.109.2.11}{\376\377\0005\000.\0001\0000\0009\000.\0002\000.\0001\0001\000\040\000o\000p\000e\000r\000a\000t\000o\000r\000<\000<\000\050\000\051}{subsection.5.109.2}% 388
\BOOKMARK [3][-]{subsubsection.5.109.2.12}{\376\377\0005\000.\0001\0000\0009\000.\0002\000.\0001\0002\000\040\000s\000w\000a\000p\000\137\000r\000o\000w\000\050\000\051}{subsection.5.109.2}% 389
\BOOKMARK [3][-]{subsubsection.5.109.2.13}{\376\377\0005\000.\0001\0000\0009\000.\0002\000.\0001\0003\000\040\000t\000r\000a\000n\000s\000p\000o\000s\000e\000\050\000\051}{subsection.5.109.2}% 390
\BOOKMARK [3][-]{subsubsection.5.109.2.14}{\376\377\0005\000.\0001\0000\0009\000.\0002\000.\0001\0004\000\040\000u\000n\000i\000o\000n\000\137\000v\000e\000c\000t\000o\000r\000\050\000\051}{subsection.5.109.2}% 391
\BOOKMARK [3][-]{subsubsection.5.109.2.15}{\376\377\0005\000.\0001\0000\0009\000.\0002\000.\0001\0005\000\040\000z\000e\000r\000o\000s\000\050\000\051\000\040\000[\0001\000/\0002\000]}{subsection.5.109.2}% 392
\BOOKMARK [3][-]{subsubsection.5.109.2.16}{\376\377\0005\000.\0001\0000\0009\000.\0002\000.\0001\0006\000\040\000z\000e\000r\000o\000s\000\050\000\051\000\040\000[\0002\000/\0002\000]}{subsection.5.109.2}% 393
\BOOKMARK [1][-]{section.5.110}{\376\377\0005\000.\0001\0001\0000\000\040\000m\000a\000t\000r\000i\000x\000.\000c\000p\000p}{chapter.5}% 394
\BOOKMARK [1][-]{section.5.111}{\376\377\0005\000.\0001\0001\0001\000\040\000M\000e\000a\000n\000O\000b\000l\000i\000q\000u\000i\000t\000y\000.\000c\000p\000p\000\040\000F\000i\000l\000e\000\040\000R\000e\000f\000e\000r\000e\000n\000c\000e}{chapter.5}% 395
\BOOKMARK [2][-]{subsection.5.111.1}{\376\377\0005\000.\0001\0001\0001\000.\0001\000\040\000D\000e\000t\000a\000i\000l\000e\000d\000\040\000D\000e\000s\000c\000r\000i\000p\000t\000i\000o\000n}{section.5.111}% 396
\BOOKMARK [2][-]{subsection.5.111.2}{\376\377\0005\000.\0001\0001\0001\000.\0002\000\040\000F\000u\000n\000c\000t\000i\000o\000n\000\040\000D\000o\000c\000u\000m\000e\000n\000t\000a\000t\000i\000o\000n}{section.5.111}% 397
\BOOKMARK [3][-]{subsubsection.5.111.2.1}{\376\377\0005\000.\0001\0001\0001\000.\0002\000.\0001\000\040\000M\000e\000a\000n\000O\000b\000l\000i\000q\000u\000i\000t\000y\000\050\000\051}{subsection.5.111.2}% 398
\BOOKMARK [1][-]{section.5.112}{\376\377\0005\000.\0001\0001\0002\000\040\000M\000e\000a\000n\000O\000b\000l\000i\000q\000u\000i\000t\000y\000.\000c\000p\000p}{chapter.5}% 399
\BOOKMARK [1][-]{section.5.113}{\376\377\0005\000.\0001\0001\0003\000\040\000M\000e\000a\000s\000U\000p\000d\000a\000t\000e\000.\000c\000p\000p\000\040\000F\000i\000l\000e\000\040\000R\000e\000f\000e\000r\000e\000n\000c\000e}{chapter.5}% 400
\BOOKMARK [2][-]{subsection.5.113.1}{\376\377\0005\000.\0001\0001\0003\000.\0001\000\040\000D\000e\000t\000a\000i\000l\000e\000d\000\040\000D\000e\000s\000c\000r\000i\000p\000t\000i\000o\000n}{section.5.113}% 401
\BOOKMARK [2][-]{subsection.5.113.2}{\376\377\0005\000.\0001\0001\0003\000.\0002\000\040\000F\000u\000n\000c\000t\000i\000o\000n\000\040\000D\000o\000c\000u\000m\000e\000n\000t\000a\000t\000i\000o\000n}{section.5.113}% 402
\BOOKMARK [3][-]{subsubsection.5.113.2.1}{\376\377\0005\000.\0001\0001\0003\000.\0002\000.\0001\000\040\000M\000e\000a\000s\000U\000p\000d\000a\000t\000e\000\050\000\051}{subsection.5.113.2}% 403
\BOOKMARK [1][-]{section.5.114}{\376\377\0005\000.\0001\0001\0004\000\040\000M\000e\000a\000s\000U\000p\000d\000a\000t\000e\000.\000c\000p\000p}{chapter.5}% 404
\BOOKMARK [1][-]{section.5.115}{\376\377\0005\000.\0001\0001\0005\000\040\000M\000j\000d\000a\000y\000.\000c\000p\000p\000\040\000F\000i\000l\000e\000\040\000R\000e\000f\000e\000r\000e\000n\000c\000e}{chapter.5}% 405
\BOOKMARK [2][-]{subsection.5.115.1}{\376\377\0005\000.\0001\0001\0005\000.\0001\000\040\000D\000e\000t\000a\000i\000l\000e\000d\000\040\000D\000e\000s\000c\000r\000i\000p\000t\000i\000o\000n}{section.5.115}% 406
\BOOKMARK [2][-]{subsection.5.115.2}{\376\377\0005\000.\0001\0001\0005\000.\0002\000\040\000F\000u\000n\000c\000t\000i\000o\000n\000\040\000D\000o\000c\000u\000m\000e\000n\000t\000a\000t\000i\000o\000n}{section.5.115}% 407
\BOOKMARK [3][-]{subsubsection.5.115.2.1}{\376\377\0005\000.\0001\0001\0005\000.\0002\000.\0001\000\040\000M\000j\000d\000a\000y\000\050\000\051}{subsection.5.115.2}% 408
\BOOKMARK [1][-]{section.5.116}{\376\377\0005\000.\0001\0001\0006\000\040\000M\000j\000d\000a\000y\000.\000c\000p\000p}{chapter.5}% 409
\BOOKMARK [1][-]{section.5.117}{\376\377\0005\000.\0001\0001\0007\000\040\000M\000j\000d\000a\000y\000\137\000T\000D\000B\000.\000c\000p\000p\000\040\000F\000i\000l\000e\000\040\000R\000e\000f\000e\000r\000e\000n\000c\000e}{chapter.5}% 410
\BOOKMARK [2][-]{subsection.5.117.1}{\376\377\0005\000.\0001\0001\0007\000.\0001\000\040\000D\000e\000t\000a\000i\000l\000e\000d\000\040\000D\000e\000s\000c\000r\000i\000p\000t\000i\000o\000n}{section.5.117}% 411
\BOOKMARK [2][-]{subsection.5.117.2}{\376\377\0005\000.\0001\0001\0007\000.\0002\000\040\000F\000u\000n\000c\000t\000i\000o\000n\000\040\000D\000o\000c\000u\000m\000e\000n\000t\000a\000t\000i\000o\000n}{section.5.117}% 412
\BOOKMARK [3][-]{subsubsection.5.117.2.1}{\376\377\0005\000.\0001\0001\0007\000.\0002\000.\0001\000\040\000M\000j\000d\000a\000y\000\137\000T\000D\000B\000\050\000\051}{subsection.5.117.2}% 413
\BOOKMARK [1][-]{section.5.118}{\376\377\0005\000.\0001\0001\0008\000\040\000M\000j\000d\000a\000y\000\137\000T\000D\000B\000.\000c\000p\000p}{chapter.5}% 414
\BOOKMARK [1][-]{section.5.119}{\376\377\0005\000.\0001\0001\0009\000\040\000N\000u\000t\000A\000n\000g\000l\000e\000s\000.\000c\000p\000p\000\040\000F\000i\000l\000e\000\040\000R\000e\000f\000e\000r\000e\000n\000c\000e}{chapter.5}% 415
\BOOKMARK [2][-]{subsection.5.119.1}{\376\377\0005\000.\0001\0001\0009\000.\0001\000\040\000D\000e\000t\000a\000i\000l\000e\000d\000\040\000D\000e\000s\000c\000r\000i\000p\000t\000i\000o\000n}{section.5.119}% 416
\BOOKMARK [2][-]{subsection.5.119.2}{\376\377\0005\000.\0001\0001\0009\000.\0002\000\040\000F\000u\000n\000c\000t\000i\000o\000n\000\040\000D\000o\000c\000u\000m\000e\000n\000t\000a\000t\000i\000o\000n}{section.5.119}% 417
\BOOKMARK [3][-]{subsubsection.5.119.2.1}{\376\377\0005\000.\0001\0001\0009\000.\0002\000.\0001\000\040\000N\000u\000t\000A\000n\000g\000l\000e\000s\000\050\000\051}{subsection.5.119.2}% 418
\BOOKMARK [1][-]{section.5.120}{\376\377\0005\000.\0001\0002\0000\000\040\000N\000u\000t\000A\000n\000g\000l\000e\000s\000.\000c\000p\000p}{chapter.5}% 419
\BOOKMARK [1][-]{section.5.121}{\376\377\0005\000.\0001\0002\0001\000\040\000N\000u\000t\000M\000a\000t\000r\000i\000x\000.\000c\000p\000p\000\040\000F\000i\000l\000e\000\040\000R\000e\000f\000e\000r\000e\000n\000c\000e}{chapter.5}% 420
\BOOKMARK [2][-]{subsection.5.121.1}{\376\377\0005\000.\0001\0002\0001\000.\0001\000\040\000D\000e\000t\000a\000i\000l\000e\000d\000\040\000D\000e\000s\000c\000r\000i\000p\000t\000i\000o\000n}{section.5.121}% 421
\BOOKMARK [2][-]{subsection.5.121.2}{\376\377\0005\000.\0001\0002\0001\000.\0002\000\040\000F\000u\000n\000c\000t\000i\000o\000n\000\040\000D\000o\000c\000u\000m\000e\000n\000t\000a\000t\000i\000o\000n}{section.5.121}% 422
\BOOKMARK [3][-]{subsubsection.5.121.2.1}{\376\377\0005\000.\0001\0002\0001\000.\0002\000.\0001\000\040\000N\000u\000t\000M\000a\000t\000r\000i\000x\000\050\000\051}{subsection.5.121.2}% 423
\BOOKMARK [1][-]{section.5.122}{\376\377\0005\000.\0001\0002\0002\000\040\000N\000u\000t\000M\000a\000t\000r\000i\000x\000.\000c\000p\000p}{chapter.5}% 424
\BOOKMARK [1][-]{section.5.123}{\376\377\0005\000.\0001\0002\0003\000\040\000P\000o\000l\000e\000M\000a\000t\000r\000i\000x\000.\000c\000p\000p\000\040\000F\000i\000l\000e\000\040\000R\000e\000f\000e\000r\000e\000n\000c\000e}{chapter.5}% 425
\BOOKMARK [2][-]{subsection.5.123.1}{\376\377\0005\000.\0001\0002\0003\000.\0001\000\040\000D\000e\000t\000a\000i\000l\000e\000d\000\040\000D\000e\000s\000c\000r\000i\000p\000t\000i\000o\000n}{section.5.123}% 426
\BOOKMARK [2][-]{subsection.5.123.2}{\376\377\0005\000.\0001\0002\0003\000.\0002\000\040\000F\000u\000n\000c\000t\000i\000o\000n\000\040\000D\000o\000c\000u\000m\000e\000n\000t\000a\000t\000i\000o\000n}{section.5.123}% 427
\BOOKMARK [3][-]{subsubsection.5.123.2.1}{\376\377\0005\000.\0001\0002\0003\000.\0002\000.\0001\000\040\000P\000o\000l\000e\000M\000a\000t\000r\000i\000x\000\050\000\051}{subsection.5.123.2}% 428
\BOOKMARK [1][-]{section.5.124}{\376\377\0005\000.\0001\0002\0004\000\040\000P\000o\000l\000e\000M\000a\000t\000r\000i\000x\000.\000c\000p\000p}{chapter.5}% 429
\BOOKMARK [1][-]{section.5.125}{\376\377\0005\000.\0001\0002\0005\000\040\000P\000o\000s\000i\000t\000i\000o\000n\000.\000c\000p\000p\000\040\000F\000i\000l\000e\000\040\000R\000e\000f\000e\000r\000e\000n\000c\000e}{chapter.5}% 430
\BOOKMARK [2][-]{subsection.5.125.1}{\376\377\0005\000.\0001\0002\0005\000.\0001\000\040\000D\000e\000t\000a\000i\000l\000e\000d\000\040\000D\000e\000s\000c\000r\000i\000p\000t\000i\000o\000n}{section.5.125}% 431
\BOOKMARK [2][-]{subsection.5.125.2}{\376\377\0005\000.\0001\0002\0005\000.\0002\000\040\000F\000u\000n\000c\000t\000i\000o\000n\000\040\000D\000o\000c\000u\000m\000e\000n\000t\000a\000t\000i\000o\000n}{section.5.125}% 432
\BOOKMARK [3][-]{subsubsection.5.125.2.1}{\376\377\0005\000.\0001\0002\0005\000.\0002\000.\0001\000\040\000P\000o\000s\000i\000t\000i\000o\000n\000\050\000\051}{subsection.5.125.2}% 433
\BOOKMARK [1][-]{section.5.126}{\376\377\0005\000.\0001\0002\0006\000\040\000P\000o\000s\000i\000t\000i\000o\000n\000.\000c\000p\000p}{chapter.5}% 434
\BOOKMARK [1][-]{section.5.127}{\376\377\0005\000.\0001\0002\0007\000\040\000P\000r\000e\000c\000M\000a\000t\000r\000i\000x\000.\000c\000p\000p\000\040\000F\000i\000l\000e\000\040\000R\000e\000f\000e\000r\000e\000n\000c\000e}{chapter.5}% 435
\BOOKMARK [2][-]{subsection.5.127.1}{\376\377\0005\000.\0001\0002\0007\000.\0001\000\040\000D\000e\000t\000a\000i\000l\000e\000d\000\040\000D\000e\000s\000c\000r\000i\000p\000t\000i\000o\000n}{section.5.127}% 436
\BOOKMARK [2][-]{subsection.5.127.2}{\376\377\0005\000.\0001\0002\0007\000.\0002\000\040\000F\000u\000n\000c\000t\000i\000o\000n\000\040\000D\000o\000c\000u\000m\000e\000n\000t\000a\000t\000i\000o\000n}{section.5.127}% 437
\BOOKMARK [3][-]{subsubsection.5.127.2.1}{\376\377\0005\000.\0001\0002\0007\000.\0002\000.\0001\000\040\000P\000r\000e\000c\000M\000a\000t\000r\000i\000x\000\050\000\051}{subsection.5.127.2}% 438
\BOOKMARK [1][-]{section.5.128}{\376\377\0005\000.\0001\0002\0008\000\040\000P\000r\000e\000c\000M\000a\000t\000r\000i\000x\000.\000c\000p\000p}{chapter.5}% 439
\BOOKMARK [1][-]{section.5.129}{\376\377\0005\000.\0001\0002\0009\000\040\000R\000\137\000x\000.\000c\000p\000p\000\040\000F\000i\000l\000e\000\040\000R\000e\000f\000e\000r\000e\000n\000c\000e}{chapter.5}% 440
\BOOKMARK [2][-]{subsection.5.129.1}{\376\377\0005\000.\0001\0002\0009\000.\0001\000\040\000D\000e\000t\000a\000i\000l\000e\000d\000\040\000D\000e\000s\000c\000r\000i\000p\000t\000i\000o\000n}{section.5.129}% 441
\BOOKMARK [2][-]{subsection.5.129.2}{\376\377\0005\000.\0001\0002\0009\000.\0002\000\040\000F\000u\000n\000c\000t\000i\000o\000n\000\040\000D\000o\000c\000u\000m\000e\000n\000t\000a\000t\000i\000o\000n}{section.5.129}% 442
\BOOKMARK [3][-]{subsubsection.5.129.2.1}{\376\377\0005\000.\0001\0002\0009\000.\0002\000.\0001\000\040\000R\000\137\000x\000\050\000\051}{subsection.5.129.2}% 443
\BOOKMARK [1][-]{section.5.130}{\376\377\0005\000.\0001\0003\0000\000\040\000R\000\137\000x\000.\000c\000p\000p}{chapter.5}% 444
\BOOKMARK [1][-]{section.5.131}{\376\377\0005\000.\0001\0003\0001\000\040\000R\000\137\000y\000.\000c\000p\000p\000\040\000F\000i\000l\000e\000\040\000R\000e\000f\000e\000r\000e\000n\000c\000e}{chapter.5}% 445
\BOOKMARK [2][-]{subsection.5.131.1}{\376\377\0005\000.\0001\0003\0001\000.\0001\000\040\000D\000e\000t\000a\000i\000l\000e\000d\000\040\000D\000e\000s\000c\000r\000i\000p\000t\000i\000o\000n}{section.5.131}% 446
\BOOKMARK [2][-]{subsection.5.131.2}{\376\377\0005\000.\0001\0003\0001\000.\0002\000\040\000F\000u\000n\000c\000t\000i\000o\000n\000\040\000D\000o\000c\000u\000m\000e\000n\000t\000a\000t\000i\000o\000n}{section.5.131}% 447
\BOOKMARK [3][-]{subsubsection.5.131.2.1}{\376\377\0005\000.\0001\0003\0001\000.\0002\000.\0001\000\040\000R\000\137\000y\000\050\000\051}{subsection.5.131.2}% 448
\BOOKMARK [1][-]{section.5.132}{\376\377\0005\000.\0001\0003\0002\000\040\000R\000\137\000y\000.\000c\000p\000p}{chapter.5}% 449
\BOOKMARK [1][-]{section.5.133}{\376\377\0005\000.\0001\0003\0003\000\040\000R\000\137\000z\000.\000c\000p\000p\000\040\000F\000i\000l\000e\000\040\000R\000e\000f\000e\000r\000e\000n\000c\000e}{chapter.5}% 450
\BOOKMARK [2][-]{subsection.5.133.1}{\376\377\0005\000.\0001\0003\0003\000.\0001\000\040\000D\000e\000t\000a\000i\000l\000e\000d\000\040\000D\000e\000s\000c\000r\000i\000p\000t\000i\000o\000n}{section.5.133}% 451
\BOOKMARK [2][-]{subsection.5.133.2}{\376\377\0005\000.\0001\0003\0003\000.\0002\000\040\000F\000u\000n\000c\000t\000i\000o\000n\000\040\000D\000o\000c\000u\000m\000e\000n\000t\000a\000t\000i\000o\000n}{section.5.133}% 452
\BOOKMARK [3][-]{subsubsection.5.133.2.1}{\376\377\0005\000.\0001\0003\0003\000.\0002\000.\0001\000\040\000R\000\137\000z\000\050\000\051}{subsection.5.133.2}% 453
\BOOKMARK [1][-]{section.5.134}{\376\377\0005\000.\0001\0003\0004\000\040\000R\000\137\000z\000.\000c\000p\000p}{chapter.5}% 454
\BOOKMARK [1][-]{section.5.135}{\376\377\0005\000.\0001\0003\0005\000\040\000s\000i\000g\000n\000\137\000.\000c\000p\000p\000\040\000F\000i\000l\000e\000\040\000R\000e\000f\000e\000r\000e\000n\000c\000e}{chapter.5}% 455
\BOOKMARK [2][-]{subsection.5.135.1}{\376\377\0005\000.\0001\0003\0005\000.\0001\000\040\000D\000e\000t\000a\000i\000l\000e\000d\000\040\000D\000e\000s\000c\000r\000i\000p\000t\000i\000o\000n}{section.5.135}% 456
\BOOKMARK [2][-]{subsection.5.135.2}{\376\377\0005\000.\0001\0003\0005\000.\0002\000\040\000F\000u\000n\000c\000t\000i\000o\000n\000\040\000D\000o\000c\000u\000m\000e\000n\000t\000a\000t\000i\000o\000n}{section.5.135}% 457
\BOOKMARK [3][-]{subsubsection.5.135.2.1}{\376\377\0005\000.\0001\0003\0005\000.\0002\000.\0001\000\040\000s\000i\000g\000n\000\137\000\050\000\051}{subsection.5.135.2}% 458
\BOOKMARK [1][-]{section.5.136}{\376\377\0005\000.\0001\0003\0006\000\040\000s\000i\000g\000n\000\137\000.\000c\000p\000p}{chapter.5}% 459
\BOOKMARK [1][-]{section.5.137}{\376\377\0005\000.\0001\0003\0007\000\040\000t\000i\000m\000e\000d\000i\000f\000f\000.\000c\000p\000p\000\040\000F\000i\000l\000e\000\040\000R\000e\000f\000e\000r\000e\000n\000c\000e}{chapter.5}% 460
\BOOKMARK [2][-]{subsection.5.137.1}{\376\377\0005\000.\0001\0003\0007\000.\0001\000\040\000D\000e\000t\000a\000i\000l\000e\000d\000\040\000D\000e\000s\000c\000r\000i\000p\000t\000i\000o\000n}{section.5.137}% 461
\BOOKMARK [2][-]{subsection.5.137.2}{\376\377\0005\000.\0001\0003\0007\000.\0002\000\040\000F\000u\000n\000c\000t\000i\000o\000n\000\040\000D\000o\000c\000u\000m\000e\000n\000t\000a\000t\000i\000o\000n}{section.5.137}% 462
\BOOKMARK [3][-]{subsubsection.5.137.2.1}{\376\377\0005\000.\0001\0003\0007\000.\0002\000.\0001\000\040\000t\000i\000m\000e\000d\000i\000f\000f\000\050\000\051}{subsection.5.137.2}% 463
\BOOKMARK [1][-]{section.5.138}{\376\377\0005\000.\0001\0003\0008\000\040\000t\000i\000m\000e\000d\000i\000f\000f\000.\000c\000p\000p}{chapter.5}% 464
\BOOKMARK [1][-]{section.5.139}{\376\377\0005\000.\0001\0003\0009\000\040\000T\000i\000m\000e\000U\000p\000d\000a\000t\000e\000.\000c\000p\000p\000\040\000F\000i\000l\000e\000\040\000R\000e\000f\000e\000r\000e\000n\000c\000e}{chapter.5}% 465
\BOOKMARK [2][-]{subsection.5.139.1}{\376\377\0005\000.\0001\0003\0009\000.\0001\000\040\000D\000e\000t\000a\000i\000l\000e\000d\000\040\000D\000e\000s\000c\000r\000i\000p\000t\000i\000o\000n}{section.5.139}% 466
\BOOKMARK [2][-]{subsection.5.139.2}{\376\377\0005\000.\0001\0003\0009\000.\0002\000\040\000F\000u\000n\000c\000t\000i\000o\000n\000\040\000D\000o\000c\000u\000m\000e\000n\000t\000a\000t\000i\000o\000n}{section.5.139}% 467
\BOOKMARK [3][-]{subsubsection.5.139.2.1}{\376\377\0005\000.\0001\0003\0009\000.\0002\000.\0001\000\040\000T\000i\000m\000e\000U\000p\000d\000a\000t\000e\000\050\000\051\000\040\000[\0001\000/\0002\000]}{subsection.5.139.2}% 468
\BOOKMARK [3][-]{subsubsection.5.139.2.2}{\376\377\0005\000.\0001\0003\0009\000.\0002\000.\0002\000\040\000T\000i\000m\000e\000U\000p\000d\000a\000t\000e\000\050\000\051\000\040\000[\0002\000/\0002\000]}{subsection.5.139.2}% 469
\BOOKMARK [1][-]{section.5.140}{\376\377\0005\000.\0001\0004\0000\000\040\000T\000i\000m\000e\000U\000p\000d\000a\000t\000e\000.\000c\000p\000p}{chapter.5}% 470
\BOOKMARK [1][-]{section.5.141}{\376\377\0005\000.\0001\0004\0001\000\040\000V\000a\000r\000E\000q\000n\000.\000c\000p\000p\000\040\000F\000i\000l\000e\000\040\000R\000e\000f\000e\000r\000e\000n\000c\000e}{chapter.5}% 471
\BOOKMARK [2][-]{subsection.5.141.1}{\376\377\0005\000.\0001\0004\0001\000.\0001\000\040\000D\000e\000t\000a\000i\000l\000e\000d\000\040\000D\000e\000s\000c\000r\000i\000p\000t\000i\000o\000n}{section.5.141}% 472
\BOOKMARK [2][-]{subsection.5.141.2}{\376\377\0005\000.\0001\0004\0001\000.\0002\000\040\000F\000u\000n\000c\000t\000i\000o\000n\000\040\000D\000o\000c\000u\000m\000e\000n\000t\000a\000t\000i\000o\000n}{section.5.141}% 473
\BOOKMARK [3][-]{subsubsection.5.141.2.1}{\376\377\0005\000.\0001\0004\0001\000.\0002\000.\0001\000\040\000V\000a\000r\000E\000q\000n\000\050\000\051}{subsection.5.141.2}% 474
\BOOKMARK [1][-]{section.5.142}{\376\377\0005\000.\0001\0004\0002\000\040\000V\000a\000r\000E\000q\000n\000.\000c\000p\000p}{chapter.5}% 475
\BOOKMARK [1][-]{section.5.143}{\376\377\0005\000.\0001\0004\0003\000\040\000E\000K\000F\000\137\000G\000E\000O\000S\0003\000.\000c\000p\000p\000\040\000F\000i\000l\000e\000\040\000R\000e\000f\000e\000r\000e\000n\000c\000e}{chapter.5}% 476
\BOOKMARK [2][-]{subsection.5.143.1}{\376\377\0005\000.\0001\0004\0003\000.\0001\000\040\000D\000e\000t\000a\000i\000l\000e\000d\000\040\000D\000e\000s\000c\000r\000i\000p\000t\000i\000o\000n}{section.5.143}% 477
\BOOKMARK [2][-]{subsection.5.143.2}{\376\377\0005\000.\0001\0004\0003\000.\0002\000\040\000F\000u\000n\000c\000t\000i\000o\000n\000\040\000D\000o\000c\000u\000m\000e\000n\000t\000a\000t\000i\000o\000n}{section.5.143}% 478
\BOOKMARK [3][-]{subsubsection.5.143.2.1}{\376\377\0005\000.\0001\0004\0003\000.\0002\000.\0001\000\040\000m\000a\000i\000n\000\050\000\051}{subsection.5.143.2}% 479
\BOOKMARK [1][-]{section.5.144}{\376\377\0005\000.\0001\0004\0004\000\040\000E\000K\000F\000\137\000G\000E\000O\000S\0003\000.\000c\000p\000p}{chapter.5}% 480
\BOOKMARK [1][-]{section.5.145}{\376\377\0005\000.\0001\0004\0005\000\040\000t\000e\000s\000t\000s\000.\000c\000p\000p}{chapter.5}% 481
\BOOKMARK [0][-]{section*.315}{\376\377\000I\000n\000d\000e\000x}{}% 482
